CMD:./cbp ../cbp2025/traces/int/int_10_trace.gz
5000000 instrs 
10000000 instrs 
15000000 instrs 
20000000 instrs 
25000000 instrs 
30000000 instrs 
35000000 instrs 
40000000 instrs 
45000000 instrs 
50000000 instrs 
55000000 instrs 
60000000 instrs 
EOF
WINDOW_SIZE = 1024
FETCH_WIDTH = 16
FETCH_NUM_BRANCH = 16
FETCH_STOP_AT_INDIRECT = 1
FETCH_STOP_AT_TAKEN = 1
FETCH_MODEL_ICACHE = 1
PERFECT_BRANCH_PRED = 0
PERFECT_INDIRECT_PRED = 1
PIPELINE_FILL_LATENCY = 10
NUM_LDST_LANES = 8
NUM_ALU_LANES = 16
MEMORY HIERARCHY CONFIGURATION---------------------
STRIDE Prefetcher = 1
PERFECT_CACHE = 0
WRITE_ALLOCATE = 1
Within-pipeline factors:
	AGEN latency = 1 cycle
	Store Queue (SQ): SQ size = window size, oracle memory disambiguation, store-load forwarding = 1 cycle after store's or load's agen.
	* Note: A store searches the L1$ at commit. The store is released
	* from the SQ and window, whether it hits or misses. Store misses
	* are buffered until the block is allocated and the store is
	* performed in the L1$. While buffered, conflicting loads get
	* the store's data as they would from the SQ.
I$: 128 KB, 8-way set-assoc., 64B block size
L1$: 128 KB, 8-way set-assoc., 64B block size, 3-cycle search latency
L2$: 4 MB, 8-way set-assoc., 64B block size, 12-cycle search latency
L3$: 32 MB, 16-way set-assoc., 128B block size, 50-cycle search latency
Main Memory: 150-cycle fixed search time
---------------------------STORE QUEUE MEASUREMENTS (Full Simulation i.e. Counts Not Reset When Warmup Ends)---------------------------
Number of loads: 18108909
Number of loads that miss in SQ: 13664301 (75.46%)
Number of PFs issued to the memory system 450107
---------------------------------------------------------------------------------------------------------------------------------------
------------------------MEMORY HIERARCHY MEASUREMENTS (Full Simulation i.e. Counts Not Reset When Warmup Ends)-------------------------
I$:
	accesses   = 70617069
	misses     = 3214
	miss ratio = 0.00%
	pf accesses   = 0
	pf misses     = 0
	pf miss ratio = -nan%
L1$:
	accesses   = 29131009
	misses     = 40437
	miss ratio = 0.14%
	pf accesses   = 450107
	pf misses     = 7677
	pf miss ratio = 1.71%
L2$:
	accesses   = 43651
	misses     = 14807
	miss ratio = 33.92%
	pf accesses   = 7677
	pf misses     = 2635
	pf miss ratio = 34.32%
L3$:
	accesses   = 14807
	misses     = 8313
	miss ratio = 56.14%
	pf accesses   = 2635
	pf misses     = 1289
	pf miss ratio = 48.92%
---------------------------------------------------------------------------------------------------------------------------------------
----------------------------------------------Prefetcher (Full Simulation i.e. No Warmup)----------------------------------------------
Num Trainings :18108909
Num Prefetches generated :452890
Num Prefetches issued :1537776
Num Prefetches filtered by PF queue :17069
Num untimely prefetches dropped from PF queue :2783
Num prefetches not issued LDST contention :1087669
Num prefetches not issued stride 0 :6176804
---------------------------------------------------------------------------------------------------------------------------------------

-------------------------------ILP LIMIT STUDY (Full Simulation i.e. Counts Not Reset When Warmup Ends)--------------------------------
instructions = 60000052
cycles       = 9694279
CycWP        = 899803
IPC          = 6.1892

---------------------------------------------------------------------------------------------------------------------------------------

-----------------------------------------------BRANCH PREDICTION MEASUREMENTS (Full Simulation i.e. Counts Not Reset When Warmup Ends)----------------------------------------------
Type                   NumBr     MispBr        mr     mpki
CondDirect          7032592      33616   0.4780%   0.5603
JumpDirect          2312716          0   0.0000%   0.0000
JumpIndirect         986505          0   0.0000%   0.0000
JumpReturn          1069161          0   0.0000%   0.0000
Not control        59216095          0   0.0000%   0.0000
------------------------------------------------------------------------------------------------------------------------------------------------------------------------------------

------------------------------------------------------DIRECT CONDITIONAL BRANCH PREDICTION MEASUREMENTS (Last 10M instructions)-----------------------------------------------------
       Instr       Cycles      IPC      NumBr     MispBr BrPerCyc MispBrPerCyc        MR     MPKI      CycWP   CycWPAvg   CycWPPKI
    10000052      1477138   6.7699    1203389       4531   0.8147       0.0031   0.3765%   0.4531      82550    18.2189     8.2550
------------------------------------------------------------------------------------------------------------------------------------------------------------------------------------

------------------------------------------------------DIRECT CONDITIONAL BRANCH PREDICTION MEASUREMENTS (Last 25M instructions)-----------------------------------------------------
       Instr       Cycles      IPC      NumBr     MispBr BrPerCyc MispBrPerCyc        MR     MPKI      CycWP   CycWPAvg   CycWPPKI
    25000052      3736375   6.6910    2925580      13005   0.7830       0.0035   0.4445%   0.5202     296202    22.7760    11.8481
-------------------------------------------------------------------------------------------------------------------------------------------------------------------------------------

---------------------------------------------------------DIRECT CONDITIONAL BRANCH PREDICTION MEASUREMENTS (50 Perc instructions)---------------------------------------------------
       Instr       Cycles      IPC      NumBr     MispBr BrPerCyc MispBrPerCyc        MR     MPKI      CycWP   CycWPAvg   CycWPPKI
    30000052      4486236   6.6871    3499163      16163   0.7800       0.0036   0.4619%   0.5388     368494    22.7986    12.2831
------------------------------------------------------------------------------------------------------------------------------------------------------------------------------------

-------------------------------------DIRECT CONDITIONAL BRANCH PREDICTION MEASUREMENTS (Full Simulation i.e. Counts Not Reset When Warmup Ends)-------------------------------------
       Instr       Cycles      IPC      NumBr     MispBr BrPerCyc MispBrPerCyc        MR     MPKI      CycWP   CycWPAvg   CycWPPKI
    60000052      9694279   6.1892    7032592      33616   0.7254       0.0035   0.4780%   0.5603     899803    26.7671    14.9967
------------------------------------------------------------------------------------------------------------------------------------------------------------------------------------
 Read 60000052 instrs 

ExecTime = 521.0512261390686
