CMD:./cbp ../cbp2025/traces/int/int_9_trace.gz
5000000 instrs 
10000000 instrs 
15000000 instrs 
20000000 instrs 
25000000 instrs 
30000000 instrs 
35000000 instrs 
40000000 instrs 
EOF
WINDOW_SIZE = 1024
FETCH_WIDTH = 16
FETCH_NUM_BRANCH = 16
FETCH_STOP_AT_INDIRECT = 1
FETCH_STOP_AT_TAKEN = 1
FETCH_MODEL_ICACHE = 1
PERFECT_BRANCH_PRED = 0
PERFECT_INDIRECT_PRED = 1
PIPELINE_FILL_LATENCY = 10
NUM_LDST_LANES = 8
NUM_ALU_LANES = 16
MEMORY HIERARCHY CONFIGURATION---------------------
STRIDE Prefetcher = 1
PERFECT_CACHE = 0
WRITE_ALLOCATE = 1
Within-pipeline factors:
	AGEN latency = 1 cycle
	Store Queue (SQ): SQ size = window size, oracle memory disambiguation, store-load forwarding = 1 cycle after store's or load's agen.
	* Note: A store searches the L1$ at commit. The store is released
	* from the SQ and window, whether it hits or misses. Store misses
	* are buffered until the block is allocated and the store is
	* performed in the L1$. While buffered, conflicting loads get
	* the store's data as they would from the SQ.
I$: 128 KB, 8-way set-assoc., 64B block size
L1$: 128 KB, 8-way set-assoc., 64B block size, 3-cycle search latency
L2$: 4 MB, 8-way set-assoc., 64B block size, 12-cycle search latency
L3$: 32 MB, 16-way set-assoc., 128B block size, 50-cycle search latency
Main Memory: 150-cycle fixed search time
---------------------------STORE QUEUE MEASUREMENTS (Full Simulation i.e. Counts Not Reset When Warmup Ends)---------------------------
Number of loads: 10787748
Number of loads that miss in SQ: 8285846 (76.81%)
Number of PFs issued to the memory system 535643
---------------------------------------------------------------------------------------------------------------------------------------
------------------------MEMORY HIERARCHY MEASUREMENTS (Full Simulation i.e. Counts Not Reset When Warmup Ends)-------------------------
I$:
	accesses   = 45680976
	misses     = 157341
	miss ratio = 0.34%
	pf accesses   = 0
	pf misses     = 0
	pf miss ratio = -nan%
L1$:
	accesses   = 16916514
	misses     = 67235
	miss ratio = 0.40%
	pf accesses   = 535643
	pf misses     = 4856
	pf miss ratio = 0.91%
L2$:
	accesses   = 224576
	misses     = 26793
	miss ratio = 11.93%
	pf accesses   = 4856
	pf misses     = 852
	pf miss ratio = 17.55%
L3$:
	accesses   = 26793
	misses     = 15867
	miss ratio = 59.22%
	pf accesses   = 852
	pf misses     = 418
	pf miss ratio = 49.06%
---------------------------------------------------------------------------------------------------------------------------------------
----------------------------------------------Prefetcher (Full Simulation i.e. No Warmup)----------------------------------------------
Num Trainings :10787748
Num Prefetches generated :536568
Num Prefetches issued :846888
Num Prefetches filtered by PF queue :27798
Num untimely prefetches dropped from PF queue :925
Num prefetches not issued LDST contention :311245
Num prefetches not issued stride 0 :1987567
---------------------------------------------------------------------------------------------------------------------------------------

-------------------------------ILP LIMIT STUDY (Full Simulation i.e. Counts Not Reset When Warmup Ends)--------------------------------
instructions = 40000050
cycles       = 14630989
CycWP        = 4834746
IPC          = 2.7339

---------------------------------------------------------------------------------------------------------------------------------------

-----------------------------------------------BRANCH PREDICTION MEASUREMENTS (Full Simulation i.e. Counts Not Reset When Warmup Ends)----------------------------------------------
Type                   NumBr     MispBr        mr     mpki
CondDirect          5800876     206467   3.5592%   5.1617
JumpDirect          1734899          0   0.0000%   0.0000
JumpIndirect         175952          0   0.0000%   0.0000
JumpReturn           943614          0   0.0000%   0.0000
Not control        37025635          0   0.0000%   0.0000
------------------------------------------------------------------------------------------------------------------------------------------------------------------------------------

------------------------------------------------------DIRECT CONDITIONAL BRANCH PREDICTION MEASUREMENTS (Last 10M instructions)-----------------------------------------------------
       Instr       Cycles      IPC      NumBr     MispBr BrPerCyc MispBrPerCyc        MR     MPKI      CycWP   CycWPAvg   CycWPPKI
    10000050      3096640   3.2293    1449043      51379   0.4679       0.0166   3.5457%   5.1379    1188439    23.1308   118.8433
------------------------------------------------------------------------------------------------------------------------------------------------------------------------------------

------------------------------------------------------DIRECT CONDITIONAL BRANCH PREDICTION MEASUREMENTS (Last 25M instructions)-----------------------------------------------------
       Instr       Cycles      IPC      NumBr     MispBr BrPerCyc MispBrPerCyc        MR     MPKI      CycWP   CycWPAvg   CycWPPKI
    25000050      7569259   3.3028    3630112     121216   0.4796       0.0160   3.3392%   4.8486    2765906    22.8180   110.6360
-------------------------------------------------------------------------------------------------------------------------------------------------------------------------------------

---------------------------------------------------------DIRECT CONDITIONAL BRANCH PREDICTION MEASUREMENTS (50 Perc instructions)---------------------------------------------------
       Instr       Cycles      IPC      NumBr     MispBr BrPerCyc MispBrPerCyc        MR     MPKI      CycWP   CycWPAvg   CycWPPKI
    20000050      6146111   3.2541    2893544      97350   0.4708       0.0158   3.3644%   4.8675    2228658    22.8933   111.4326
------------------------------------------------------------------------------------------------------------------------------------------------------------------------------------

-------------------------------------DIRECT CONDITIONAL BRANCH PREDICTION MEASUREMENTS (Full Simulation i.e. Counts Not Reset When Warmup Ends)-------------------------------------
       Instr       Cycles      IPC      NumBr     MispBr BrPerCyc MispBrPerCyc        MR     MPKI      CycWP   CycWPAvg   CycWPPKI
    40000050     14630989   2.7339    5800876     206467   0.3965       0.0141   3.5592%   5.1617    4834746    23.4166   120.8685
------------------------------------------------------------------------------------------------------------------------------------------------------------------------------------
 Read 40000050 instrs 

ExecTime = 481.85723900794983
