CMD:./cbp ../cbp2025/traces/web/web_4_trace.gz
5000000 instrs 
10000000 instrs 
15000000 instrs 
20000000 instrs 
25000000 instrs 
30000000 instrs 
35000000 instrs 
EOF
WINDOW_SIZE = 1024
FETCH_WIDTH = 16
FETCH_NUM_BRANCH = 16
FETCH_STOP_AT_INDIRECT = 1
FETCH_STOP_AT_TAKEN = 1
FETCH_MODEL_ICACHE = 1
PERFECT_BRANCH_PRED = 0
PERFECT_INDIRECT_PRED = 1
PIPELINE_FILL_LATENCY = 10
NUM_LDST_LANES = 8
NUM_ALU_LANES = 16
MEMORY HIERARCHY CONFIGURATION---------------------
STRIDE Prefetcher = 1
PERFECT_CACHE = 0
WRITE_ALLOCATE = 1
Within-pipeline factors:
	AGEN latency = 1 cycle
	Store Queue (SQ): SQ size = window size, oracle memory disambiguation, store-load forwarding = 1 cycle after store's or load's agen.
	* Note: A store searches the L1$ at commit. The store is released
	* from the SQ and window, whether it hits or misses. Store misses
	* are buffered until the block is allocated and the store is
	* performed in the L1$. While buffered, conflicting loads get
	* the store's data as they would from the SQ.
I$: 128 KB, 8-way set-assoc., 64B block size
L1$: 128 KB, 8-way set-assoc., 64B block size, 3-cycle search latency
L2$: 4 MB, 8-way set-assoc., 64B block size, 12-cycle search latency
L3$: 32 MB, 16-way set-assoc., 128B block size, 50-cycle search latency
Main Memory: 150-cycle fixed search time
---------------------------STORE QUEUE MEASUREMENTS (Full Simulation i.e. Counts Not Reset When Warmup Ends)---------------------------
Number of loads: 11509873
Number of loads that miss in SQ: 9278971 (80.62%)
Number of PFs issued to the memory system 1229933
---------------------------------------------------------------------------------------------------------------------------------------
------------------------MEMORY HIERARCHY MEASUREMENTS (Full Simulation i.e. Counts Not Reset When Warmup Ends)-------------------------
I$:
	accesses   = 44605831
	misses     = 31553
	miss ratio = 0.07%
	pf accesses   = 0
	pf misses     = 0
	pf miss ratio = -nan%
L1$:
	accesses   = 16323089
	misses     = 179391
	miss ratio = 1.10%
	pf accesses   = 1229933
	pf misses     = 21007
	pf miss ratio = 1.71%
L2$:
	accesses   = 210944
	misses     = 36278
	miss ratio = 17.20%
	pf accesses   = 21007
	pf misses     = 2966
	pf miss ratio = 14.12%
L3$:
	accesses   = 36278
	misses     = 20181
	miss ratio = 55.63%
	pf accesses   = 2966
	pf misses     = 1484
	pf miss ratio = 50.03%
---------------------------------------------------------------------------------------------------------------------------------------
----------------------------------------------Prefetcher (Full Simulation i.e. No Warmup)----------------------------------------------
Num Trainings :11509873
Num Prefetches generated :1232277
Num Prefetches issued :1799357
Num Prefetches filtered by PF queue :23759
Num untimely prefetches dropped from PF queue :2344
Num prefetches not issued LDST contention :569424
Num prefetches not issued stride 0 :3599147
---------------------------------------------------------------------------------------------------------------------------------------

-------------------------------ILP LIMIT STUDY (Full Simulation i.e. Counts Not Reset When Warmup Ends)--------------------------------
instructions = 39999718
cycles       = 13435257
CycWP        = 5169722
IPC          = 2.9772

---------------------------------------------------------------------------------------------------------------------------------------

-----------------------------------------------BRANCH PREDICTION MEASUREMENTS (Full Simulation i.e. Counts Not Reset When Warmup Ends)----------------------------------------------
Type                   NumBr     MispBr        mr     mpki
CondDirect          6265226     177540   2.8337%   4.4385
JumpDirect          1417311          0   0.0000%   0.0000
JumpIndirect         150119          0   0.0000%   0.0000
JumpReturn          1022980          0   0.0000%   0.0000
Not control        35750195          0   0.0000%   0.0000
------------------------------------------------------------------------------------------------------------------------------------------------------------------------------------

------------------------------------------------------DIRECT CONDITIONAL BRANCH PREDICTION MEASUREMENTS (Last 10M instructions)-----------------------------------------------------
       Instr       Cycles      IPC      NumBr     MispBr BrPerCyc MispBrPerCyc        MR     MPKI      CycWP   CycWPAvg   CycWPPKI
    10999718      2970801   3.7026    1699783      36996   0.5722       0.0125   2.1765%   3.3634    1105629    29.8851   100.5143
------------------------------------------------------------------------------------------------------------------------------------------------------------------------------------

------------------------------------------------------DIRECT CONDITIONAL BRANCH PREDICTION MEASUREMENTS (Last 25M instructions)-----------------------------------------------------
       Instr       Cycles      IPC      NumBr     MispBr BrPerCyc MispBrPerCyc        MR     MPKI      CycWP   CycWPAvg   CycWPPKI
    25999718      8249904   3.1515    4128521     116136   0.5004       0.0141   2.8130%   4.4668    3252458    28.0056   125.0959
-------------------------------------------------------------------------------------------------------------------------------------------------------------------------------------

---------------------------------------------------------DIRECT CONDITIONAL BRANCH PREDICTION MEASUREMENTS (50 Perc instructions)---------------------------------------------------
       Instr       Cycles      IPC      NumBr     MispBr BrPerCyc MispBrPerCyc        MR     MPKI      CycWP   CycWPAvg   CycWPPKI
    20999718      6380290   3.2913    3426349      82543   0.5370       0.0129   2.4091%   3.9307    2270913    27.5119   108.1402
------------------------------------------------------------------------------------------------------------------------------------------------------------------------------------

-------------------------------------DIRECT CONDITIONAL BRANCH PREDICTION MEASUREMENTS (Full Simulation i.e. Counts Not Reset When Warmup Ends)-------------------------------------
       Instr       Cycles      IPC      NumBr     MispBr BrPerCyc MispBrPerCyc        MR     MPKI      CycWP   CycWPAvg   CycWPPKI
    39999718     13435257   2.9772    6265226     177540   0.4663       0.0132   2.8337%   4.4385    5169722    29.1186   129.2440
------------------------------------------------------------------------------------------------------------------------------------------------------------------------------------
 Read 39999718 instrs 

ExecTime = 329.7495188713074
