CMD:./cbp ../cbp2025/traces/web/web_3_trace.gz
5000000 instrs 
10000000 instrs 
15000000 instrs 
20000000 instrs 
25000000 instrs 
30000000 instrs 
35000000 instrs 
EOF
WINDOW_SIZE = 1024
FETCH_WIDTH = 16
FETCH_NUM_BRANCH = 16
FETCH_STOP_AT_INDIRECT = 1
FETCH_STOP_AT_TAKEN = 1
FETCH_MODEL_ICACHE = 1
PERFECT_BRANCH_PRED = 0
PERFECT_INDIRECT_PRED = 1
PIPELINE_FILL_LATENCY = 10
NUM_LDST_LANES = 8
NUM_ALU_LANES = 16
MEMORY HIERARCHY CONFIGURATION---------------------
STRIDE Prefetcher = 1
PERFECT_CACHE = 0
WRITE_ALLOCATE = 1
Within-pipeline factors:
	AGEN latency = 1 cycle
	Store Queue (SQ): SQ size = window size, oracle memory disambiguation, store-load forwarding = 1 cycle after store's or load's agen.
	* Note: A store searches the L1$ at commit. The store is released
	* from the SQ and window, whether it hits or misses. Store misses
	* are buffered until the block is allocated and the store is
	* performed in the L1$. While buffered, conflicting loads get
	* the store's data as they would from the SQ.
I$: 128 KB, 8-way set-assoc., 64B block size
L1$: 128 KB, 8-way set-assoc., 64B block size, 3-cycle search latency
L2$: 4 MB, 8-way set-assoc., 64B block size, 12-cycle search latency
L3$: 32 MB, 16-way set-assoc., 128B block size, 50-cycle search latency
Main Memory: 150-cycle fixed search time
---------------------------STORE QUEUE MEASUREMENTS (Full Simulation i.e. Counts Not Reset When Warmup Ends)---------------------------
Number of loads: 11413025
Number of loads that miss in SQ: 9153329 (80.20%)
Number of PFs issued to the memory system 749010
---------------------------------------------------------------------------------------------------------------------------------------
------------------------MEMORY HIERARCHY MEASUREMENTS (Full Simulation i.e. Counts Not Reset When Warmup Ends)-------------------------
I$:
	accesses   = 44776292
	misses     = 31152
	miss ratio = 0.07%
	pf accesses   = 0
	pf misses     = 0
	pf miss ratio = -nan%
L1$:
	accesses   = 15994579
	misses     = 88987
	miss ratio = 0.56%
	pf accesses   = 749010
	pf misses     = 32061
	pf miss ratio = 4.28%
L2$:
	accesses   = 120139
	misses     = 38391
	miss ratio = 31.96%
	pf accesses   = 32061
	pf misses     = 8237
	pf miss ratio = 25.69%
L3$:
	accesses   = 38391
	misses     = 20428
	miss ratio = 53.21%
	pf accesses   = 8237
	pf misses     = 5159
	pf miss ratio = 62.63%
---------------------------------------------------------------------------------------------------------------------------------------
----------------------------------------------Prefetcher (Full Simulation i.e. No Warmup)----------------------------------------------
Num Trainings :11413025
Num Prefetches generated :750973
Num Prefetches issued :1328233
Num Prefetches filtered by PF queue :24065
Num untimely prefetches dropped from PF queue :1963
Num prefetches not issued LDST contention :579223
Num prefetches not issued stride 0 :4626312
---------------------------------------------------------------------------------------------------------------------------------------

-------------------------------ILP LIMIT STUDY (Full Simulation i.e. Counts Not Reset When Warmup Ends)--------------------------------
instructions = 39999981
cycles       = 12363767
CycWP        = 4697947
IPC          = 3.2353

---------------------------------------------------------------------------------------------------------------------------------------

-----------------------------------------------BRANCH PREDICTION MEASUREMENTS (Full Simulation i.e. Counts Not Reset When Warmup Ends)----------------------------------------------
Type                   NumBr     MispBr        mr     mpki
CondDirect          6018442     159158   2.6445%   3.9790
JumpDirect          1066191          0   0.0000%   0.0000
JumpIndirect         306179          0   0.0000%   0.0000
JumpReturn           735123          0   0.0000%   0.0000
Not control        36650357          0   0.0000%   0.0000
------------------------------------------------------------------------------------------------------------------------------------------------------------------------------------

------------------------------------------------------DIRECT CONDITIONAL BRANCH PREDICTION MEASUREMENTS (Last 10M instructions)-----------------------------------------------------
       Instr       Cycles      IPC      NumBr     MispBr BrPerCyc MispBrPerCyc        MR     MPKI      CycWP   CycWPAvg   CycWPPKI
    10999981      2622695   4.1942    1726890      29584   0.6584       0.0113   1.7131%   2.6895     975818    32.9847    88.7109
------------------------------------------------------------------------------------------------------------------------------------------------------------------------------------

------------------------------------------------------DIRECT CONDITIONAL BRANCH PREDICTION MEASUREMENTS (Last 25M instructions)-----------------------------------------------------
       Instr       Cycles      IPC      NumBr     MispBr BrPerCyc MispBrPerCyc        MR     MPKI      CycWP   CycWPAvg   CycWPPKI
    25999981      7559406   3.4394    4101245     114028   0.5425       0.0151   2.7803%   4.3857    3573427    31.3382   137.4396
-------------------------------------------------------------------------------------------------------------------------------------------------------------------------------------

---------------------------------------------------------DIRECT CONDITIONAL BRANCH PREDICTION MEASUREMENTS (50 Perc instructions)---------------------------------------------------
       Instr       Cycles      IPC      NumBr     MispBr BrPerCyc MispBrPerCyc        MR     MPKI      CycWP   CycWPAvg   CycWPPKI
    20999981      5654770   3.7137    3382696      73066   0.5982       0.0129   2.1600%   3.4793    2507805    34.3225   119.4194
------------------------------------------------------------------------------------------------------------------------------------------------------------------------------------

-------------------------------------DIRECT CONDITIONAL BRANCH PREDICTION MEASUREMENTS (Full Simulation i.e. Counts Not Reset When Warmup Ends)-------------------------------------
       Instr       Cycles      IPC      NumBr     MispBr BrPerCyc MispBrPerCyc        MR     MPKI      CycWP   CycWPAvg   CycWPPKI
    39999981     12363767   3.2353    6018442     159158   0.4868       0.0129   2.6445%   3.9790    4697947    29.5175   117.4487
------------------------------------------------------------------------------------------------------------------------------------------------------------------------------------
 Read 39999981 instrs 

ExecTime = 392.07491636276245
