CMD:./cbp ../cbp2025/traces/web/web_12_trace.gz
5000000 instrs 
10000000 instrs 
15000000 instrs 
EOF
WINDOW_SIZE = 1024
FETCH_WIDTH = 16
FETCH_NUM_BRANCH = 16
FETCH_STOP_AT_INDIRECT = 1
FETCH_STOP_AT_TAKEN = 1
FETCH_MODEL_ICACHE = 1
PERFECT_BRANCH_PRED = 0
PERFECT_INDIRECT_PRED = 1
PIPELINE_FILL_LATENCY = 10
NUM_LDST_LANES = 8
NUM_ALU_LANES = 16
MEMORY HIERARCHY CONFIGURATION---------------------
STRIDE Prefetcher = 1
PERFECT_CACHE = 0
WRITE_ALLOCATE = 1
Within-pipeline factors:
	AGEN latency = 1 cycle
	Store Queue (SQ): SQ size = window size, oracle memory disambiguation, store-load forwarding = 1 cycle after store's or load's agen.
	* Note: A store searches the L1$ at commit. The store is released
	* from the SQ and window, whether it hits or misses. Store misses
	* are buffered until the block is allocated and the store is
	* performed in the L1$. While buffered, conflicting loads get
	* the store's data as they would from the SQ.
I$: 128 KB, 8-way set-assoc., 64B block size
L1$: 128 KB, 8-way set-assoc., 64B block size, 3-cycle search latency
L2$: 4 MB, 8-way set-assoc., 64B block size, 12-cycle search latency
L3$: 32 MB, 16-way set-assoc., 128B block size, 50-cycle search latency
Main Memory: 150-cycle fixed search time
---------------------------STORE QUEUE MEASUREMENTS (Full Simulation i.e. Counts Not Reset When Warmup Ends)---------------------------
Number of loads: 4053808
Number of loads that miss in SQ: 3285001 (81.03%)
Number of PFs issued to the memory system 271887
---------------------------------------------------------------------------------------------------------------------------------------
------------------------MEMORY HIERARCHY MEASUREMENTS (Full Simulation i.e. Counts Not Reset When Warmup Ends)-------------------------
I$:
	accesses   = 16922525
	misses     = 74022
	miss ratio = 0.44%
	pf accesses   = 0
	pf misses     = 0
	pf miss ratio = -nan%
L1$:
	accesses   = 6063587
	misses     = 64342
	miss ratio = 1.06%
	pf accesses   = 271887
	pf misses     = 9981
	pf miss ratio = 3.67%
L2$:
	accesses   = 138364
	misses     = 67111
	miss ratio = 48.50%
	pf accesses   = 9981
	pf misses     = 7960
	pf miss ratio = 79.75%
L3$:
	accesses   = 67111
	misses     = 39872
	miss ratio = 59.41%
	pf accesses   = 7960
	pf misses     = 5741
	pf miss ratio = 72.12%
---------------------------------------------------------------------------------------------------------------------------------------
----------------------------------------------Prefetcher (Full Simulation i.e. No Warmup)----------------------------------------------
Num Trainings :4053808
Num Prefetches generated :277190
Num Prefetches issued :718283
Num Prefetches filtered by PF queue :38999
Num untimely prefetches dropped from PF queue :5303
Num prefetches not issued LDST contention :446396
Num prefetches not issued stride 0 :777449
---------------------------------------------------------------------------------------------------------------------------------------

-------------------------------ILP LIMIT STUDY (Full Simulation i.e. Counts Not Reset When Warmup Ends)--------------------------------
instructions = 15000009
cycles       = 9341910
CycWP        = 2173260
IPC          = 1.6057

---------------------------------------------------------------------------------------------------------------------------------------

-----------------------------------------------BRANCH PREDICTION MEASUREMENTS (Full Simulation i.e. Counts Not Reset When Warmup Ends)----------------------------------------------
Type                   NumBr     MispBr        mr     mpki
CondDirect          2254326      66545   2.9519%   4.4363
JumpDirect           300128          0   0.0000%   0.0000
JumpIndirect          52257          0   0.0000%   0.0000
JumpReturn           155912          0   0.0000%   0.0000
Not control        14159902          0   0.0000%   0.0000
------------------------------------------------------------------------------------------------------------------------------------------------------------------------------------

------------------------------------------------------DIRECT CONDITIONAL BRANCH PREDICTION MEASUREMENTS (Last 10M instructions)-----------------------------------------------------
       Instr       Cycles      IPC      NumBr     MispBr BrPerCyc MispBrPerCyc        MR     MPKI      CycWP   CycWPAvg   CycWPPKI
    10000009      5522759   1.8107    1478122      43893   0.2676       0.0079   2.9695%   4.3893    1428487    32.5448   142.8486
------------------------------------------------------------------------------------------------------------------------------------------------------------------------------------

------------------------------------------------------DIRECT CONDITIONAL BRANCH PREDICTION MEASUREMENTS (Last 25M instructions)-----------------------------------------------------
       Instr       Cycles      IPC      NumBr     MispBr BrPerCyc MispBrPerCyc        MR     MPKI      CycWP   CycWPAvg   CycWPPKI
    15000009      9341910   1.6057    2254326      66545   0.2413       0.0071   2.9519%   4.4363    2173260    32.6585   144.8839
-------------------------------------------------------------------------------------------------------------------------------------------------------------------------------------

---------------------------------------------------------DIRECT CONDITIONAL BRANCH PREDICTION MEASUREMENTS (50 Perc instructions)---------------------------------------------------
       Instr       Cycles      IPC      NumBr     MispBr BrPerCyc MispBrPerCyc        MR     MPKI      CycWP   CycWPAvg   CycWPPKI
     8000009      4324219   1.8500    1175254      40011   0.2718       0.0093   3.4045%   5.0014    1195890    29.8890   149.4861
------------------------------------------------------------------------------------------------------------------------------------------------------------------------------------

-------------------------------------DIRECT CONDITIONAL BRANCH PREDICTION MEASUREMENTS (Full Simulation i.e. Counts Not Reset When Warmup Ends)-------------------------------------
       Instr       Cycles      IPC      NumBr     MispBr BrPerCyc MispBrPerCyc        MR     MPKI      CycWP   CycWPAvg   CycWPPKI
    15000009      9341910   1.6057    2254326      66545   0.2413       0.0071   2.9519%   4.4363    2173260    32.6585   144.8839
------------------------------------------------------------------------------------------------------------------------------------------------------------------------------------
 Read 15000009 instrs 

ExecTime = 116.53149771690369
