CMD:./cbp ../cbp2025/traces/web/web_25_trace.gz
5000000 instrs 
10000000 instrs 
EOF
WINDOW_SIZE = 1024
FETCH_WIDTH = 16
FETCH_NUM_BRANCH = 16
FETCH_STOP_AT_INDIRECT = 1
FETCH_STOP_AT_TAKEN = 1
FETCH_MODEL_ICACHE = 1
PERFECT_BRANCH_PRED = 0
PERFECT_INDIRECT_PRED = 1
PIPELINE_FILL_LATENCY = 10
NUM_LDST_LANES = 8
NUM_ALU_LANES = 16
MEMORY HIERARCHY CONFIGURATION---------------------
STRIDE Prefetcher = 1
PERFECT_CACHE = 0
WRITE_ALLOCATE = 1
Within-pipeline factors:
	AGEN latency = 1 cycle
	Store Queue (SQ): SQ size = window size, oracle memory disambiguation, store-load forwarding = 1 cycle after store's or load's agen.
	* Note: A store searches the L1$ at commit. The store is released
	* from the SQ and window, whether it hits or misses. Store misses
	* are buffered until the block is allocated and the store is
	* performed in the L1$. While buffered, conflicting loads get
	* the store's data as they would from the SQ.
I$: 128 KB, 8-way set-assoc., 64B block size
L1$: 128 KB, 8-way set-assoc., 64B block size, 3-cycle search latency
L2$: 4 MB, 8-way set-assoc., 64B block size, 12-cycle search latency
L3$: 32 MB, 16-way set-assoc., 128B block size, 50-cycle search latency
Main Memory: 150-cycle fixed search time
---------------------------STORE QUEUE MEASUREMENTS (Full Simulation i.e. Counts Not Reset When Warmup Ends)---------------------------
Number of loads: 4415777
Number of loads that miss in SQ: 3488657 (79.00%)
Number of PFs issued to the memory system 213482
---------------------------------------------------------------------------------------------------------------------------------------
------------------------MEMORY HIERARCHY MEASUREMENTS (Full Simulation i.e. Counts Not Reset When Warmup Ends)-------------------------
I$:
	accesses   = 16640979
	misses     = 62955
	miss ratio = 0.38%
	pf accesses   = 0
	pf misses     = 0
	pf miss ratio = -nan%
L1$:
	accesses   = 6143019
	misses     = 121326
	miss ratio = 1.98%
	pf accesses   = 213482
	pf misses     = 5091
	pf miss ratio = 2.38%
L2$:
	accesses   = 184281
	misses     = 39225
	miss ratio = 21.29%
	pf accesses   = 5091
	pf misses     = 399
	pf miss ratio = 7.84%
L3$:
	accesses   = 39225
	misses     = 22065
	miss ratio = 56.25%
	pf accesses   = 399
	pf misses     = 204
	pf miss ratio = 51.13%
---------------------------------------------------------------------------------------------------------------------------------------
----------------------------------------------Prefetcher (Full Simulation i.e. No Warmup)----------------------------------------------
Num Trainings :4415777
Num Prefetches generated :215475
Num Prefetches issued :689142
Num Prefetches filtered by PF queue :12365
Num untimely prefetches dropped from PF queue :1993
Num prefetches not issued LDST contention :475660
Num prefetches not issued stride 0 :1145425
---------------------------------------------------------------------------------------------------------------------------------------

-------------------------------ILP LIMIT STUDY (Full Simulation i.e. Counts Not Reset When Warmup Ends)--------------------------------
instructions = 14999989
cycles       = 7434913
CycWP        = 3201488
IPC          = 2.0175

---------------------------------------------------------------------------------------------------------------------------------------

-----------------------------------------------BRANCH PREDICTION MEASUREMENTS (Full Simulation i.e. Counts Not Reset When Warmup Ends)----------------------------------------------
Type                   NumBr     MispBr        mr     mpki
CondDirect          2548670      95689   3.7545%   6.3793
JumpDirect           181682          0   0.0000%   0.0000
JumpIndirect          98902          0   0.0000%   0.0000
JumpReturn           139852          0   0.0000%   0.0000
Not control        13671873          0   0.0000%   0.0000
------------------------------------------------------------------------------------------------------------------------------------------------------------------------------------

------------------------------------------------------DIRECT CONDITIONAL BRANCH PREDICTION MEASUREMENTS (Last 10M instructions)-----------------------------------------------------
       Instr       Cycles      IPC      NumBr     MispBr BrPerCyc MispBrPerCyc        MR     MPKI      CycWP   CycWPAvg   CycWPPKI
    10999989      4231834   2.5993    1870860      75167   0.4421       0.0178   4.0178%   6.8334    2441725    32.4840   221.9752
------------------------------------------------------------------------------------------------------------------------------------------------------------------------------------

------------------------------------------------------DIRECT CONDITIONAL BRANCH PREDICTION MEASUREMENTS (Last 25M instructions)-----------------------------------------------------
       Instr       Cycles      IPC      NumBr     MispBr BrPerCyc MispBrPerCyc        MR     MPKI      CycWP   CycWPAvg   CycWPPKI
    14999989      7434913   2.0175    2548670      95689   0.3428       0.0129   3.7545%   6.3793    3201488    33.4572   213.4327
-------------------------------------------------------------------------------------------------------------------------------------------------------------------------------------

---------------------------------------------------------DIRECT CONDITIONAL BRANCH PREDICTION MEASUREMENTS (50 Perc instructions)---------------------------------------------------
       Instr       Cycles      IPC      NumBr     MispBr BrPerCyc MispBrPerCyc        MR     MPKI      CycWP   CycWPAvg   CycWPPKI
     7999989      3053779   2.6197    1342253      55675   0.4395       0.0182   4.1479%   6.9594    1821007    32.7078   227.6262
------------------------------------------------------------------------------------------------------------------------------------------------------------------------------------

-------------------------------------DIRECT CONDITIONAL BRANCH PREDICTION MEASUREMENTS (Full Simulation i.e. Counts Not Reset When Warmup Ends)-------------------------------------
       Instr       Cycles      IPC      NumBr     MispBr BrPerCyc MispBrPerCyc        MR     MPKI      CycWP   CycWPAvg   CycWPPKI
    14999989      7434913   2.0175    2548670      95689   0.3428       0.0129   3.7545%   6.3793    3201488    33.4572   213.4327
------------------------------------------------------------------------------------------------------------------------------------------------------------------------------------
 Read 14999989 instrs 

ExecTime = 155.98561358451843
