CMD:./cbp ../cbp2025/traces/web/web_6_trace.gz
5000000 instrs 
10000000 instrs 
15000000 instrs 
20000000 instrs 
25000000 instrs 
30000000 instrs 
35000000 instrs 
40000000 instrs 
EOF
WINDOW_SIZE = 1024
FETCH_WIDTH = 16
FETCH_NUM_BRANCH = 16
FETCH_STOP_AT_INDIRECT = 1
FETCH_STOP_AT_TAKEN = 1
FETCH_MODEL_ICACHE = 1
PERFECT_BRANCH_PRED = 0
PERFECT_INDIRECT_PRED = 1
PIPELINE_FILL_LATENCY = 10
NUM_LDST_LANES = 8
NUM_ALU_LANES = 16
MEMORY HIERARCHY CONFIGURATION---------------------
STRIDE Prefetcher = 1
PERFECT_CACHE = 0
WRITE_ALLOCATE = 1
Within-pipeline factors:
	AGEN latency = 1 cycle
	Store Queue (SQ): SQ size = window size, oracle memory disambiguation, store-load forwarding = 1 cycle after store's or load's agen.
	* Note: A store searches the L1$ at commit. The store is released
	* from the SQ and window, whether it hits or misses. Store misses
	* are buffered until the block is allocated and the store is
	* performed in the L1$. While buffered, conflicting loads get
	* the store's data as they would from the SQ.
I$: 128 KB, 8-way set-assoc., 64B block size
L1$: 128 KB, 8-way set-assoc., 64B block size, 3-cycle search latency
L2$: 4 MB, 8-way set-assoc., 64B block size, 12-cycle search latency
L3$: 32 MB, 16-way set-assoc., 128B block size, 50-cycle search latency
Main Memory: 150-cycle fixed search time
---------------------------STORE QUEUE MEASUREMENTS (Full Simulation i.e. Counts Not Reset When Warmup Ends)---------------------------
Number of loads: 11955308
Number of loads that miss in SQ: 9560361 (79.97%)
Number of PFs issued to the memory system 957245
---------------------------------------------------------------------------------------------------------------------------------------
------------------------MEMORY HIERARCHY MEASUREMENTS (Full Simulation i.e. Counts Not Reset When Warmup Ends)-------------------------
I$:
	accesses   = 45357017
	misses     = 17914
	miss ratio = 0.04%
	pf accesses   = 0
	pf misses     = 0
	pf miss ratio = -nan%
L1$:
	accesses   = 17360024
	misses     = 209748
	miss ratio = 1.21%
	pf accesses   = 957245
	pf misses     = 24207
	pf miss ratio = 2.53%
L2$:
	accesses   = 227662
	misses     = 44914
	miss ratio = 19.73%
	pf accesses   = 24207
	pf misses     = 2680
	pf miss ratio = 11.07%
L3$:
	accesses   = 44914
	misses     = 24058
	miss ratio = 53.56%
	pf accesses   = 2680
	pf misses     = 1438
	pf miss ratio = 53.66%
---------------------------------------------------------------------------------------------------------------------------------------
----------------------------------------------Prefetcher (Full Simulation i.e. No Warmup)----------------------------------------------
Num Trainings :11955308
Num Prefetches generated :961070
Num Prefetches issued :1616617
Num Prefetches filtered by PF queue :25073
Num untimely prefetches dropped from PF queue :3825
Num prefetches not issued LDST contention :659372
Num prefetches not issued stride 0 :3306443
---------------------------------------------------------------------------------------------------------------------------------------

-------------------------------ILP LIMIT STUDY (Full Simulation i.e. Counts Not Reset When Warmup Ends)--------------------------------
instructions = 40000022
cycles       = 13193899
CycWP        = 5706259
IPC          = 3.0317

---------------------------------------------------------------------------------------------------------------------------------------

-----------------------------------------------BRANCH PREDICTION MEASUREMENTS (Full Simulation i.e. Counts Not Reset When Warmup Ends)----------------------------------------------
Type                   NumBr     MispBr        mr     mpki
CondDirect          6002648     195574   3.2581%   4.8893
JumpDirect          1518631          0   0.0000%   0.0000
JumpIndirect         155535          0   0.0000%   0.0000
JumpReturn          1105549          0   0.0000%   0.0000
Not control        36574654          0   0.0000%   0.0000
------------------------------------------------------------------------------------------------------------------------------------------------------------------------------------

------------------------------------------------------DIRECT CONDITIONAL BRANCH PREDICTION MEASUREMENTS (Last 10M instructions)-----------------------------------------------------
       Instr       Cycles      IPC      NumBr     MispBr BrPerCyc MispBrPerCyc        MR     MPKI      CycWP   CycWPAvg   CycWPPKI
    10000022      3430539   2.9150    1565176      63833   0.4562       0.0186   4.0783%   6.3833    1746848    27.3659   174.6844
------------------------------------------------------------------------------------------------------------------------------------------------------------------------------------

------------------------------------------------------DIRECT CONDITIONAL BRANCH PREDICTION MEASUREMENTS (Last 25M instructions)-----------------------------------------------------
       Instr       Cycles      IPC      NumBr     MispBr BrPerCyc MispBrPerCyc        MR     MPKI      CycWP   CycWPAvg   CycWPPKI
    25000022      8527208   2.9318    3842017     147113   0.4506       0.0173   3.8291%   5.8845    4182716    28.4320   167.3085
-------------------------------------------------------------------------------------------------------------------------------------------------------------------------------------

---------------------------------------------------------DIRECT CONDITIONAL BRANCH PREDICTION MEASUREMENTS (50 Perc instructions)---------------------------------------------------
       Instr       Cycles      IPC      NumBr     MispBr BrPerCyc MispBrPerCyc        MR     MPKI      CycWP   CycWPAvg   CycWPPKI
    20000022      6904715   2.8966    2962421     120819   0.4290       0.0175   4.0784%   6.0409    3497624    28.9493   174.8810
------------------------------------------------------------------------------------------------------------------------------------------------------------------------------------

-------------------------------------DIRECT CONDITIONAL BRANCH PREDICTION MEASUREMENTS (Full Simulation i.e. Counts Not Reset When Warmup Ends)-------------------------------------
       Instr       Cycles      IPC      NumBr     MispBr BrPerCyc MispBrPerCyc        MR     MPKI      CycWP   CycWPAvg   CycWPPKI
    40000022     13193899   3.0317    6002648     195574   0.4550       0.0148   3.2581%   4.8893    5706259    29.1770   142.6564
------------------------------------------------------------------------------------------------------------------------------------------------------------------------------------
 Read 40000022 instrs 

ExecTime = 335.2433297634125
