CMD:./cbp ../cbp2025/traces/web/web_10_trace.gz
5000000 instrs 
10000000 instrs 
15000000 instrs 
EOF
WINDOW_SIZE = 1024
FETCH_WIDTH = 16
FETCH_NUM_BRANCH = 16
FETCH_STOP_AT_INDIRECT = 1
FETCH_STOP_AT_TAKEN = 1
FETCH_MODEL_ICACHE = 1
PERFECT_BRANCH_PRED = 0
PERFECT_INDIRECT_PRED = 1
PIPELINE_FILL_LATENCY = 10
NUM_LDST_LANES = 8
NUM_ALU_LANES = 16
MEMORY HIERARCHY CONFIGURATION---------------------
STRIDE Prefetcher = 1
PERFECT_CACHE = 0
WRITE_ALLOCATE = 1
Within-pipeline factors:
	AGEN latency = 1 cycle
	Store Queue (SQ): SQ size = window size, oracle memory disambiguation, store-load forwarding = 1 cycle after store's or load's agen.
	* Note: A store searches the L1$ at commit. The store is released
	* from the SQ and window, whether it hits or misses. Store misses
	* are buffered until the block is allocated and the store is
	* performed in the L1$. While buffered, conflicting loads get
	* the store's data as they would from the SQ.
I$: 128 KB, 8-way set-assoc., 64B block size
L1$: 128 KB, 8-way set-assoc., 64B block size, 3-cycle search latency
L2$: 4 MB, 8-way set-assoc., 64B block size, 12-cycle search latency
L3$: 32 MB, 16-way set-assoc., 128B block size, 50-cycle search latency
Main Memory: 150-cycle fixed search time
---------------------------STORE QUEUE MEASUREMENTS (Full Simulation i.e. Counts Not Reset When Warmup Ends)---------------------------
Number of loads: 4780585
Number of loads that miss in SQ: 3875619 (81.07%)
Number of PFs issued to the memory system 770212
---------------------------------------------------------------------------------------------------------------------------------------
------------------------MEMORY HIERARCHY MEASUREMENTS (Full Simulation i.e. Counts Not Reset When Warmup Ends)-------------------------
I$:
	accesses   = 22980710
	misses     = 120830
	miss ratio = 0.53%
	pf accesses   = 0
	pf misses     = 0
	pf miss ratio = -nan%
L1$:
	accesses   = 7678566
	misses     = 82175
	miss ratio = 1.07%
	pf accesses   = 770212
	pf misses     = 10007
	pf miss ratio = 1.30%
L2$:
	accesses   = 203005
	misses     = 84214
	miss ratio = 41.48%
	pf accesses   = 10007
	pf misses     = 5162
	pf miss ratio = 51.58%
L3$:
	accesses   = 84214
	misses     = 47943
	miss ratio = 56.93%
	pf accesses   = 5162
	pf misses     = 2562
	pf miss ratio = 49.63%
---------------------------------------------------------------------------------------------------------------------------------------
----------------------------------------------Prefetcher (Full Simulation i.e. No Warmup)----------------------------------------------
Num Trainings :4780585
Num Prefetches generated :778989
Num Prefetches issued :1270331
Num Prefetches filtered by PF queue :57821
Num untimely prefetches dropped from PF queue :8777
Num prefetches not issued LDST contention :500119
Num prefetches not issued stride 0 :1250270
---------------------------------------------------------------------------------------------------------------------------------------

-------------------------------ILP LIMIT STUDY (Full Simulation i.e. Counts Not Reset When Warmup Ends)--------------------------------
instructions = 19999796
cycles       = 11436219
CycWP        = 2254718
IPC          = 1.7488

---------------------------------------------------------------------------------------------------------------------------------------

-----------------------------------------------BRANCH PREDICTION MEASUREMENTS (Full Simulation i.e. Counts Not Reset When Warmup Ends)----------------------------------------------
Type                   NumBr     MispBr        mr     mpki
CondDirect          2621960      76376   2.9129%   3.8188
JumpDirect           655800          0   0.0000%   0.0000
JumpIndirect          86298          0   0.0000%   0.0000
JumpReturn           345747          0   0.0000%   0.0000
Not control        19270905          0   0.0000%   0.0000
------------------------------------------------------------------------------------------------------------------------------------------------------------------------------------

------------------------------------------------------DIRECT CONDITIONAL BRANCH PREDICTION MEASUREMENTS (Last 10M instructions)-----------------------------------------------------
       Instr       Cycles      IPC      NumBr     MispBr BrPerCyc MispBrPerCyc        MR     MPKI      CycWP   CycWPAvg   CycWPPKI
    10999796      3369090   3.2649    1436395      28504   0.4263       0.0085   1.9844%   2.5913     756629    26.5447    68.7857
------------------------------------------------------------------------------------------------------------------------------------------------------------------------------------

------------------------------------------------------DIRECT CONDITIONAL BRANCH PREDICTION MEASUREMENTS (Last 25M instructions)-----------------------------------------------------
       Instr       Cycles      IPC      NumBr     MispBr BrPerCyc MispBrPerCyc        MR     MPKI      CycWP   CycWPAvg   CycWPPKI
    19999796     11436219   1.7488    2621960      76376   0.2293       0.0067   2.9129%   3.8188    2254718    29.5213   112.7370
-------------------------------------------------------------------------------------------------------------------------------------------------------------------------------------

---------------------------------------------------------DIRECT CONDITIONAL BRANCH PREDICTION MEASUREMENTS (50 Perc instructions)---------------------------------------------------
       Instr       Cycles      IPC      NumBr     MispBr BrPerCyc MispBrPerCyc        MR     MPKI      CycWP   CycWPAvg   CycWPPKI
    10999796      3369090   3.2649    1436395      28504   0.4263       0.0085   1.9844%   2.5913     756629    26.5447    68.7857
------------------------------------------------------------------------------------------------------------------------------------------------------------------------------------

-------------------------------------DIRECT CONDITIONAL BRANCH PREDICTION MEASUREMENTS (Full Simulation i.e. Counts Not Reset When Warmup Ends)-------------------------------------
       Instr       Cycles      IPC      NumBr     MispBr BrPerCyc MispBrPerCyc        MR     MPKI      CycWP   CycWPAvg   CycWPPKI
    19999796     11436219   1.7488    2621960      76376   0.2293       0.0067   2.9129%   3.8188    2254718    29.5213   112.7370
------------------------------------------------------------------------------------------------------------------------------------------------------------------------------------
 Read 19999796 instrs 

ExecTime = 190.8355062007904
