CMD:./cbp ../cbp2025/traces/web/web_2_trace.gz
5000000 instrs 
10000000 instrs 
15000000 instrs 
20000000 instrs 
25000000 instrs 
30000000 instrs 
35000000 instrs 
EOF
WINDOW_SIZE = 1024
FETCH_WIDTH = 16
FETCH_NUM_BRANCH = 16
FETCH_STOP_AT_INDIRECT = 1
FETCH_STOP_AT_TAKEN = 1
FETCH_MODEL_ICACHE = 1
PERFECT_BRANCH_PRED = 0
PERFECT_INDIRECT_PRED = 1
PIPELINE_FILL_LATENCY = 10
NUM_LDST_LANES = 8
NUM_ALU_LANES = 16
MEMORY HIERARCHY CONFIGURATION---------------------
STRIDE Prefetcher = 1
PERFECT_CACHE = 0
WRITE_ALLOCATE = 1
Within-pipeline factors:
	AGEN latency = 1 cycle
	Store Queue (SQ): SQ size = window size, oracle memory disambiguation, store-load forwarding = 1 cycle after store's or load's agen.
	* Note: A store searches the L1$ at commit. The store is released
	* from the SQ and window, whether it hits or misses. Store misses
	* are buffered until the block is allocated and the store is
	* performed in the L1$. While buffered, conflicting loads get
	* the store's data as they would from the SQ.
I$: 128 KB, 8-way set-assoc., 64B block size
L1$: 128 KB, 8-way set-assoc., 64B block size, 3-cycle search latency
L2$: 4 MB, 8-way set-assoc., 64B block size, 12-cycle search latency
L3$: 32 MB, 16-way set-assoc., 128B block size, 50-cycle search latency
Main Memory: 150-cycle fixed search time
---------------------------STORE QUEUE MEASUREMENTS (Full Simulation i.e. Counts Not Reset When Warmup Ends)---------------------------
Number of loads: 12408020
Number of loads that miss in SQ: 9983551 (80.46%)
Number of PFs issued to the memory system 671064
---------------------------------------------------------------------------------------------------------------------------------------
------------------------MEMORY HIERARCHY MEASUREMENTS (Full Simulation i.e. Counts Not Reset When Warmup Ends)-------------------------
I$:
	accesses   = 46197759
	misses     = 27077
	miss ratio = 0.06%
	pf accesses   = 0
	pf misses     = 0
	pf miss ratio = -nan%
L1$:
	accesses   = 18564185
	misses     = 144648
	miss ratio = 0.78%
	pf accesses   = 671064
	pf misses     = 13510
	pf miss ratio = 2.01%
L2$:
	accesses   = 171725
	misses     = 53687
	miss ratio = 31.26%
	pf accesses   = 13510
	pf misses     = 3807
	pf miss ratio = 28.18%
L3$:
	accesses   = 53687
	misses     = 28333
	miss ratio = 52.77%
	pf accesses   = 3807
	pf misses     = 1949
	pf miss ratio = 51.20%
---------------------------------------------------------------------------------------------------------------------------------------
----------------------------------------------Prefetcher (Full Simulation i.e. No Warmup)----------------------------------------------
Num Trainings :12408020
Num Prefetches generated :672813
Num Prefetches issued :1324568
Num Prefetches filtered by PF queue :23612
Num untimely prefetches dropped from PF queue :1749
Num prefetches not issued LDST contention :653504
Num prefetches not issued stride 0 :2971406
---------------------------------------------------------------------------------------------------------------------------------------

-------------------------------ILP LIMIT STUDY (Full Simulation i.e. Counts Not Reset When Warmup Ends)--------------------------------
instructions = 39999746
cycles       = 12414024
CycWP        = 4817262
IPC          = 3.2221

---------------------------------------------------------------------------------------------------------------------------------------

-----------------------------------------------BRANCH PREDICTION MEASUREMENTS (Full Simulation i.e. Counts Not Reset When Warmup Ends)----------------------------------------------
Type                   NumBr     MispBr        mr     mpki
CondDirect          5842811     179692   3.0754%   4.4923
JumpDirect          1420173          0   0.0000%   0.0000
JumpIndirect         213848          0   0.0000%   0.0000
JumpReturn           999566          0   0.0000%   0.0000
Not control        37721361          0   0.0000%   0.0000
------------------------------------------------------------------------------------------------------------------------------------------------------------------------------------

------------------------------------------------------DIRECT CONDITIONAL BRANCH PREDICTION MEASUREMENTS (Last 10M instructions)-----------------------------------------------------
       Instr       Cycles      IPC      NumBr     MispBr BrPerCyc MispBrPerCyc        MR     MPKI      CycWP   CycWPAvg   CycWPPKI
    10999746      3378533   3.2558    1583408      59479   0.4687       0.0176   3.7564%   5.4073    1740521    29.2628   158.2328
------------------------------------------------------------------------------------------------------------------------------------------------------------------------------------

------------------------------------------------------DIRECT CONDITIONAL BRANCH PREDICTION MEASUREMENTS (Last 25M instructions)-----------------------------------------------------
       Instr       Cycles      IPC      NumBr     MispBr BrPerCyc MispBrPerCyc        MR     MPKI      CycWP   CycWPAvg   CycWPPKI
    25999746      6879092   3.7795    3826680     102459   0.5563       0.0149   2.6775%   3.9408    2951738    28.8090   113.5295
-------------------------------------------------------------------------------------------------------------------------------------------------------------------------------------

---------------------------------------------------------DIRECT CONDITIONAL BRANCH PREDICTION MEASUREMENTS (50 Perc instructions)---------------------------------------------------
       Instr       Cycles      IPC      NumBr     MispBr BrPerCyc MispBrPerCyc        MR     MPKI      CycWP   CycWPAvg   CycWPPKI
    20999746      5941148   3.5346    3176039      93157   0.5346       0.0157   2.9331%   4.4361    2691316    28.8901   128.1595
------------------------------------------------------------------------------------------------------------------------------------------------------------------------------------

-------------------------------------DIRECT CONDITIONAL BRANCH PREDICTION MEASUREMENTS (Full Simulation i.e. Counts Not Reset When Warmup Ends)-------------------------------------
       Instr       Cycles      IPC      NumBr     MispBr BrPerCyc MispBrPerCyc        MR     MPKI      CycWP   CycWPAvg   CycWPPKI
    39999746     12414024   3.2221    5842811     179692   0.4707       0.0145   3.0754%   4.4923    4817262    26.8084   120.4323
------------------------------------------------------------------------------------------------------------------------------------------------------------------------------------
 Read 39999746 instrs 

ExecTime = 398.47876381874084
