CMD:./cbp ../cbp2025/traces/compress/compress_1_trace.gz
5000000 instrs 
10000000 instrs 
15000000 instrs 
20000000 instrs 
25000000 instrs 
30000000 instrs 
EOF
WINDOW_SIZE = 1024
FETCH_WIDTH = 16
FETCH_NUM_BRANCH = 16
FETCH_STOP_AT_INDIRECT = 1
FETCH_STOP_AT_TAKEN = 1
FETCH_MODEL_ICACHE = 1
PERFECT_BRANCH_PRED = 0
PERFECT_INDIRECT_PRED = 1
PIPELINE_FILL_LATENCY = 10
NUM_LDST_LANES = 8
NUM_ALU_LANES = 16
MEMORY HIERARCHY CONFIGURATION---------------------
STRIDE Prefetcher = 1
PERFECT_CACHE = 0
WRITE_ALLOCATE = 1
Within-pipeline factors:
	AGEN latency = 1 cycle
	Store Queue (SQ): SQ size = window size, oracle memory disambiguation, store-load forwarding = 1 cycle after store's or load's agen.
	* Note: A store searches the L1$ at commit. The store is released
	* from the SQ and window, whether it hits or misses. Store misses
	* are buffered until the block is allocated and the store is
	* performed in the L1$. While buffered, conflicting loads get
	* the store's data as they would from the SQ.
I$: 128 KB, 8-way set-assoc., 64B block size
L1$: 128 KB, 8-way set-assoc., 64B block size, 3-cycle search latency
L2$: 4 MB, 8-way set-assoc., 64B block size, 12-cycle search latency
L3$: 32 MB, 16-way set-assoc., 128B block size, 50-cycle search latency
Main Memory: 150-cycle fixed search time
---------------------------STORE QUEUE MEASUREMENTS (Full Simulation i.e. Counts Not Reset When Warmup Ends)---------------------------
Number of loads: 6744797
Number of loads that miss in SQ: 5494503 (81.46%)
Number of PFs issued to the memory system 830157
---------------------------------------------------------------------------------------------------------------------------------------
------------------------MEMORY HIERARCHY MEASUREMENTS (Full Simulation i.e. Counts Not Reset When Warmup Ends)-------------------------
I$:
	accesses   = 33903635
	misses     = 5589
	miss ratio = 0.02%
	pf accesses   = 0
	pf misses     = 0
	pf miss ratio = -nan%
L1$:
	accesses   = 11275772
	misses     = 350814
	miss ratio = 3.11%
	pf accesses   = 830157
	pf misses     = 56150
	pf miss ratio = 6.76%
L2$:
	accesses   = 356403
	misses     = 101223
	miss ratio = 28.40%
	pf accesses   = 56150
	pf misses     = 1512
	pf miss ratio = 2.69%
L3$:
	accesses   = 101223
	misses     = 49343
	miss ratio = 48.75%
	pf accesses   = 1512
	pf misses     = 468
	pf miss ratio = 30.95%
---------------------------------------------------------------------------------------------------------------------------------------
----------------------------------------------Prefetcher (Full Simulation i.e. No Warmup)----------------------------------------------
Num Trainings :6744797
Num Prefetches generated :885255
Num Prefetches issued :2304604
Num Prefetches filtered by PF queue :379942
Num untimely prefetches dropped from PF queue :55098
Num prefetches not issued LDST contention :1474447
Num prefetches not issued stride 0 :1689607
---------------------------------------------------------------------------------------------------------------------------------------

-------------------------------ILP LIMIT STUDY (Full Simulation i.e. Counts Not Reset When Warmup Ends)--------------------------------
instructions = 30778699
cycles       = 6631299
CycWP        = 1398157
IPC          = 4.6414

---------------------------------------------------------------------------------------------------------------------------------------

-----------------------------------------------BRANCH PREDICTION MEASUREMENTS (Full Simulation i.e. Counts Not Reset When Warmup Ends)----------------------------------------------
Type                   NumBr     MispBr        mr     mpki
CondDirect          3314657      56589   1.7072%   1.8386
JumpDirect           435513          0   0.0000%   0.0000
JumpIndirect          10827          0   0.0000%   0.0000
JumpReturn           127618          0   0.0000%   0.0000
Not control        30015020          0   0.0000%   0.0000
------------------------------------------------------------------------------------------------------------------------------------------------------------------------------------

------------------------------------------------------DIRECT CONDITIONAL BRANCH PREDICTION MEASUREMENTS (Last 10M instructions)-----------------------------------------------------
       Instr       Cycles      IPC      NumBr     MispBr BrPerCyc MispBrPerCyc        MR     MPKI      CycWP   CycWPAvg   CycWPPKI
    10778699      2171391   4.9640    1146178      26976   0.5279       0.0124   2.3536%   2.5027     541692    20.0805    50.2558
------------------------------------------------------------------------------------------------------------------------------------------------------------------------------------

------------------------------------------------------DIRECT CONDITIONAL BRANCH PREDICTION MEASUREMENTS (Last 25M instructions)-----------------------------------------------------
       Instr       Cycles      IPC      NumBr     MispBr BrPerCyc MispBrPerCyc        MR     MPKI      CycWP   CycWPAvg   CycWPPKI
    25778699      5102228   5.0524    2800153      48979   0.5488       0.0096   1.7492%   1.9000    1141536    23.3066    44.2821
-------------------------------------------------------------------------------------------------------------------------------------------------------------------------------------

---------------------------------------------------------DIRECT CONDITIONAL BRANCH PREDICTION MEASUREMENTS (50 Perc instructions)---------------------------------------------------
       Instr       Cycles      IPC      NumBr     MispBr BrPerCyc MispBrPerCyc        MR     MPKI      CycWP   CycWPAvg   CycWPPKI
    15778699      3024476   5.2170    1700956      29760   0.5624       0.0098   1.7496%   1.8861     645494    21.6900    40.9092
------------------------------------------------------------------------------------------------------------------------------------------------------------------------------------

-------------------------------------DIRECT CONDITIONAL BRANCH PREDICTION MEASUREMENTS (Full Simulation i.e. Counts Not Reset When Warmup Ends)-------------------------------------
       Instr       Cycles      IPC      NumBr     MispBr BrPerCyc MispBrPerCyc        MR     MPKI      CycWP   CycWPAvg   CycWPPKI
    30778699      6631299   4.6414    3314657      56589   0.4999       0.0085   1.7072%   1.8386    1398157    24.7072    45.4261
------------------------------------------------------------------------------------------------------------------------------------------------------------------------------------
 Read 30778699 instrs 

ExecTime = 309.1213638782501
