CMD:./cbp ../cbp2025/traces/compress/compress_4_trace.gz
5000000 instrs 
10000000 instrs 
15000000 instrs 
20000000 instrs 
25000000 instrs 
30000000 instrs 
EOF
WINDOW_SIZE = 1024
FETCH_WIDTH = 16
FETCH_NUM_BRANCH = 16
FETCH_STOP_AT_INDIRECT = 1
FETCH_STOP_AT_TAKEN = 1
FETCH_MODEL_ICACHE = 1
PERFECT_BRANCH_PRED = 0
PERFECT_INDIRECT_PRED = 1
PIPELINE_FILL_LATENCY = 10
NUM_LDST_LANES = 8
NUM_ALU_LANES = 16
MEMORY HIERARCHY CONFIGURATION---------------------
STRIDE Prefetcher = 1
PERFECT_CACHE = 0
WRITE_ALLOCATE = 1
Within-pipeline factors:
	AGEN latency = 1 cycle
	Store Queue (SQ): SQ size = window size, oracle memory disambiguation, store-load forwarding = 1 cycle after store's or load's agen.
	* Note: A store searches the L1$ at commit. The store is released
	* from the SQ and window, whether it hits or misses. Store misses
	* are buffered until the block is allocated and the store is
	* performed in the L1$. While buffered, conflicting loads get
	* the store's data as they would from the SQ.
I$: 128 KB, 8-way set-assoc., 64B block size
L1$: 128 KB, 8-way set-assoc., 64B block size, 3-cycle search latency
L2$: 4 MB, 8-way set-assoc., 64B block size, 12-cycle search latency
L3$: 32 MB, 16-way set-assoc., 128B block size, 50-cycle search latency
Main Memory: 150-cycle fixed search time
---------------------------STORE QUEUE MEASUREMENTS (Full Simulation i.e. Counts Not Reset When Warmup Ends)---------------------------
Number of loads: 6605227
Number of loads that miss in SQ: 5258890 (79.62%)
Number of PFs issued to the memory system 773857
---------------------------------------------------------------------------------------------------------------------------------------
------------------------MEMORY HIERARCHY MEASUREMENTS (Full Simulation i.e. Counts Not Reset When Warmup Ends)-------------------------
I$:
	accesses   = 34368227
	misses     = 5585
	miss ratio = 0.02%
	pf accesses   = 0
	pf misses     = 0
	pf miss ratio = -nan%
L1$:
	accesses   = 11236884
	misses     = 328868
	miss ratio = 2.93%
	pf accesses   = 773857
	pf misses     = 54300
	pf miss ratio = 7.02%
L2$:
	accesses   = 334453
	misses     = 122548
	miss ratio = 36.64%
	pf accesses   = 54300
	pf misses     = 1682
	pf miss ratio = 3.10%
L3$:
	accesses   = 122548
	misses     = 61254
	miss ratio = 49.98%
	pf accesses   = 1682
	pf misses     = 430
	pf miss ratio = 25.56%
---------------------------------------------------------------------------------------------------------------------------------------
----------------------------------------------Prefetcher (Full Simulation i.e. No Warmup)----------------------------------------------
Num Trainings :6605227
Num Prefetches generated :821503
Num Prefetches issued :2142085
Num Prefetches filtered by PF queue :354161
Num untimely prefetches dropped from PF queue :47646
Num prefetches not issued LDST contention :1368228
Num prefetches not issued stride 0 :1793013
---------------------------------------------------------------------------------------------------------------------------------------

-------------------------------ILP LIMIT STUDY (Full Simulation i.e. Counts Not Reset When Warmup Ends)--------------------------------
instructions = 31160801
cycles       = 6654705
CycWP        = 1548004
IPC          = 4.6825

---------------------------------------------------------------------------------------------------------------------------------------

-----------------------------------------------BRANCH PREDICTION MEASUREMENTS (Full Simulation i.e. Counts Not Reset When Warmup Ends)----------------------------------------------
Type                   NumBr     MispBr        mr     mpki
CondDirect          3496423      61778   1.7669%   1.9826
JumpDirect           489322          0   0.0000%   0.0000
JumpIndirect           8416          0   0.0000%   0.0000
JumpReturn           152903          0   0.0000%   0.0000
Not control        30221163          0   0.0000%   0.0000
------------------------------------------------------------------------------------------------------------------------------------------------------------------------------------

------------------------------------------------------DIRECT CONDITIONAL BRANCH PREDICTION MEASUREMENTS (Last 10M instructions)-----------------------------------------------------
       Instr       Cycles      IPC      NumBr     MispBr BrPerCyc MispBrPerCyc        MR     MPKI      CycWP   CycWPAvg   CycWPPKI
    10160801      2049609   4.9574    1112582      23632   0.5428       0.0115   2.1241%   2.3258     522675    22.1173    51.4403
------------------------------------------------------------------------------------------------------------------------------------------------------------------------------------

------------------------------------------------------DIRECT CONDITIONAL BRANCH PREDICTION MEASUREMENTS (Last 25M instructions)-----------------------------------------------------
       Instr       Cycles      IPC      NumBr     MispBr BrPerCyc MispBrPerCyc        MR     MPKI      CycWP   CycWPAvg   CycWPPKI
    25160801      4868939   5.1676    2833991      48256   0.5821       0.0099   1.7028%   1.9179    1152474    23.8825    45.8043
-------------------------------------------------------------------------------------------------------------------------------------------------------------------------------------

---------------------------------------------------------DIRECT CONDITIONAL BRANCH PREDICTION MEASUREMENTS (50 Perc instructions)---------------------------------------------------
       Instr       Cycles      IPC      NumBr     MispBr BrPerCyc MispBrPerCyc        MR     MPKI      CycWP   CycWPAvg   CycWPPKI
    16160801      3025488   5.3416    1816226      28169   0.6003       0.0093   1.5510%   1.7430     669671    23.7733    41.4380
------------------------------------------------------------------------------------------------------------------------------------------------------------------------------------

-------------------------------------DIRECT CONDITIONAL BRANCH PREDICTION MEASUREMENTS (Full Simulation i.e. Counts Not Reset When Warmup Ends)-------------------------------------
       Instr       Cycles      IPC      NumBr     MispBr BrPerCyc MispBrPerCyc        MR     MPKI      CycWP   CycWPAvg   CycWPPKI
    31160801      6654705   4.6825    3496423      61778   0.5254       0.0093   1.7669%   1.9826    1548004    25.0575    49.6779
------------------------------------------------------------------------------------------------------------------------------------------------------------------------------------
 Read 31160801 instrs 

ExecTime = 274.86540508270264
