CMD:./cbp ../cbp2025/traces/web/web_6_trace.gz
5000000 instrs 
10000000 instrs 
15000000 instrs 
20000000 instrs 
25000000 instrs 
30000000 instrs 
35000000 instrs 
40000000 instrs 
EOF
WINDOW_SIZE = 1024
FETCH_WIDTH = 16
FETCH_NUM_BRANCH = 16
FETCH_STOP_AT_INDIRECT = 1
FETCH_STOP_AT_TAKEN = 1
FETCH_MODEL_ICACHE = 1
PERFECT_BRANCH_PRED = 0
PERFECT_INDIRECT_PRED = 1
PIPELINE_FILL_LATENCY = 10
NUM_LDST_LANES = 8
NUM_ALU_LANES = 16
MEMORY HIERARCHY CONFIGURATION---------------------
STRIDE Prefetcher = 1
PERFECT_CACHE = 0
WRITE_ALLOCATE = 1
Within-pipeline factors:
	AGEN latency = 1 cycle
	Store Queue (SQ): SQ size = window size, oracle memory disambiguation, store-load forwarding = 1 cycle after store's or load's agen.
	* Note: A store searches the L1$ at commit. The store is released
	* from the SQ and window, whether it hits or misses. Store misses
	* are buffered until the block is allocated and the store is
	* performed in the L1$. While buffered, conflicting loads get
	* the store's data as they would from the SQ.
I$: 128 KB, 8-way set-assoc., 64B block size
L1$: 128 KB, 8-way set-assoc., 64B block size, 3-cycle search latency
L2$: 4 MB, 8-way set-assoc., 64B block size, 12-cycle search latency
L3$: 32 MB, 16-way set-assoc., 128B block size, 50-cycle search latency
Main Memory: 150-cycle fixed search time
---------------------------STORE QUEUE MEASUREMENTS (Full Simulation i.e. Counts Not Reset When Warmup Ends)---------------------------
Number of loads: 11955308
Number of loads that miss in SQ: 9568384 (80.03%)
Number of PFs issued to the memory system 957351
---------------------------------------------------------------------------------------------------------------------------------------
------------------------MEMORY HIERARCHY MEASUREMENTS (Full Simulation i.e. Counts Not Reset When Warmup Ends)-------------------------
I$:
	accesses   = 45357017
	misses     = 17914
	miss ratio = 0.04%
	pf accesses   = 0
	pf misses     = 0
	pf miss ratio = -nan%
L1$:
	accesses   = 17360024
	misses     = 209733
	miss ratio = 1.21%
	pf accesses   = 957351
	pf misses     = 24220
	pf miss ratio = 2.53%
L2$:
	accesses   = 227647
	misses     = 44909
	miss ratio = 19.73%
	pf accesses   = 24220
	pf misses     = 2684
	pf miss ratio = 11.08%
L3$:
	accesses   = 44909
	misses     = 24052
	miss ratio = 53.56%
	pf accesses   = 2684
	pf misses     = 1444
	pf miss ratio = 53.80%
---------------------------------------------------------------------------------------------------------------------------------------
----------------------------------------------Prefetcher (Full Simulation i.e. No Warmup)----------------------------------------------
Num Trainings :11955308
Num Prefetches generated :961197
Num Prefetches issued :1612725
Num Prefetches filtered by PF queue :24946
Num untimely prefetches dropped from PF queue :3846
Num prefetches not issued LDST contention :655374
Num prefetches not issued stride 0 :3306443
---------------------------------------------------------------------------------------------------------------------------------------

-------------------------------ILP LIMIT STUDY (Full Simulation i.e. Counts Not Reset When Warmup Ends)--------------------------------
instructions = 40000022
cycles       = 13269640
CycWP        = 5789279
IPC          = 3.0144

---------------------------------------------------------------------------------------------------------------------------------------

-----------------------------------------------BRANCH PREDICTION MEASUREMENTS (Full Simulation i.e. Counts Not Reset When Warmup Ends)----------------------------------------------
Type                   NumBr     MispBr        mr     mpki
CondDirect          6002648     198965   3.3146%   4.9741
JumpDirect          1518631          0   0.0000%   0.0000
JumpIndirect         155535          0   0.0000%   0.0000
JumpReturn          1105549          0   0.0000%   0.0000
Not control        36574654          0   0.0000%   0.0000
------------------------------------------------------------------------------------------------------------------------------------------------------------------------------------

------------------------------------------------------DIRECT CONDITIONAL BRANCH PREDICTION MEASUREMENTS (Last 10M instructions)-----------------------------------------------------
       Instr       Cycles      IPC      NumBr     MispBr BrPerCyc MispBrPerCyc        MR     MPKI      CycWP   CycWPAvg   CycWPPKI
    10000022      3447821   2.9004    1565176      64759   0.4540       0.0188   4.1375%   6.4759    1764732    27.2508   176.4728
------------------------------------------------------------------------------------------------------------------------------------------------------------------------------------

------------------------------------------------------DIRECT CONDITIONAL BRANCH PREDICTION MEASUREMENTS (Last 25M instructions)-----------------------------------------------------
       Instr       Cycles      IPC      NumBr     MispBr BrPerCyc MispBrPerCyc        MR     MPKI      CycWP   CycWPAvg   CycWPPKI
    25000022      8552720   2.9230    3842017     148658   0.4492       0.0174   3.8693%   5.9463    4209692    28.3180   168.3875
-------------------------------------------------------------------------------------------------------------------------------------------------------------------------------------

---------------------------------------------------------DIRECT CONDITIONAL BRANCH PREDICTION MEASUREMENTS (50 Perc instructions)---------------------------------------------------
       Instr       Cycles      IPC      NumBr     MispBr BrPerCyc MispBrPerCyc        MR     MPKI      CycWP   CycWPAvg   CycWPPKI
    20000022      6930218   2.8859    2962421     122241   0.4275       0.0176   4.1264%   6.1120    3524404    28.8316   176.2200
------------------------------------------------------------------------------------------------------------------------------------------------------------------------------------

-------------------------------------DIRECT CONDITIONAL BRANCH PREDICTION MEASUREMENTS (Full Simulation i.e. Counts Not Reset When Warmup Ends)-------------------------------------
       Instr       Cycles      IPC      NumBr     MispBr BrPerCyc MispBrPerCyc        MR     MPKI      CycWP   CycWPAvg   CycWPPKI
    40000022     13269640   3.0144    6002648     198965   0.4524       0.0150   3.3146%   4.9741    5789279    29.0970   144.7319
------------------------------------------------------------------------------------------------------------------------------------------------------------------------------------
 Read 40000022 instrs 

ExecTime = 360.44631028175354
