CMD:./cbp ../cbp2025/traces/web/web_21_trace.gz
5000000 instrs 
10000000 instrs 
15000000 instrs 
EOF
WINDOW_SIZE = 1024
FETCH_WIDTH = 16
FETCH_NUM_BRANCH = 16
FETCH_STOP_AT_INDIRECT = 1
FETCH_STOP_AT_TAKEN = 1
FETCH_MODEL_ICACHE = 1
PERFECT_BRANCH_PRED = 0
PERFECT_INDIRECT_PRED = 1
PIPELINE_FILL_LATENCY = 10
NUM_LDST_LANES = 8
NUM_ALU_LANES = 16
MEMORY HIERARCHY CONFIGURATION---------------------
STRIDE Prefetcher = 1
PERFECT_CACHE = 0
WRITE_ALLOCATE = 1
Within-pipeline factors:
	AGEN latency = 1 cycle
	Store Queue (SQ): SQ size = window size, oracle memory disambiguation, store-load forwarding = 1 cycle after store's or load's agen.
	* Note: A store searches the L1$ at commit. The store is released
	* from the SQ and window, whether it hits or misses. Store misses
	* are buffered until the block is allocated and the store is
	* performed in the L1$. While buffered, conflicting loads get
	* the store's data as they would from the SQ.
I$: 128 KB, 8-way set-assoc., 64B block size
L1$: 128 KB, 8-way set-assoc., 64B block size, 3-cycle search latency
L2$: 4 MB, 8-way set-assoc., 64B block size, 12-cycle search latency
L3$: 32 MB, 16-way set-assoc., 128B block size, 50-cycle search latency
Main Memory: 150-cycle fixed search time
---------------------------STORE QUEUE MEASUREMENTS (Full Simulation i.e. Counts Not Reset When Warmup Ends)---------------------------
Number of loads: 3538924
Number of loads that miss in SQ: 2994403 (84.61%)
Number of PFs issued to the memory system 690865
---------------------------------------------------------------------------------------------------------------------------------------
------------------------MEMORY HIERARCHY MEASUREMENTS (Full Simulation i.e. Counts Not Reset When Warmup Ends)-------------------------
I$:
	accesses   = 16679859
	misses     = 16575
	miss ratio = 0.10%
	pf accesses   = 0
	pf misses     = 0
	pf miss ratio = -nan%
L1$:
	accesses   = 5358347
	misses     = 34422
	miss ratio = 0.64%
	pf accesses   = 690865
	pf misses     = 3144
	pf miss ratio = 0.46%
L2$:
	accesses   = 50997
	misses     = 29891
	miss ratio = 58.61%
	pf accesses   = 3144
	pf misses     = 1945
	pf miss ratio = 61.86%
L3$:
	accesses   = 29891
	misses     = 19728
	miss ratio = 66.00%
	pf accesses   = 1945
	pf misses     = 1321
	pf miss ratio = 67.92%
---------------------------------------------------------------------------------------------------------------------------------------
----------------------------------------------Prefetcher (Full Simulation i.e. No Warmup)----------------------------------------------
Num Trainings :3538924
Num Prefetches generated :691524
Num Prefetches issued :937077
Num Prefetches filtered by PF queue :20207
Num untimely prefetches dropped from PF queue :659
Num prefetches not issued LDST contention :246212
Num prefetches not issued stride 0 :1196600
---------------------------------------------------------------------------------------------------------------------------------------

-------------------------------ILP LIMIT STUDY (Full Simulation i.e. Counts Not Reset When Warmup Ends)--------------------------------
instructions = 15000054
cycles       = 6015449
CycWP        = 2169688
IPC          = 2.4936

---------------------------------------------------------------------------------------------------------------------------------------

-----------------------------------------------BRANCH PREDICTION MEASUREMENTS (Full Simulation i.e. Counts Not Reset When Warmup Ends)----------------------------------------------
Type                   NumBr     MispBr        mr     mpki
CondDirect          2614946      28117   1.0752%   1.8745
JumpDirect           323084          0   0.0000%   0.0000
JumpIndirect         119796          0   0.0000%   0.0000
JumpReturn           190897          0   0.0000%   0.0000
Not control        13431136          0   0.0000%   0.0000
------------------------------------------------------------------------------------------------------------------------------------------------------------------------------------

------------------------------------------------------DIRECT CONDITIONAL BRANCH PREDICTION MEASUREMENTS (Last 10M instructions)-----------------------------------------------------
       Instr       Cycles      IPC      NumBr     MispBr BrPerCyc MispBrPerCyc        MR     MPKI      CycWP   CycWPAvg   CycWPPKI
    10000054      5121534   1.9526    1749337      23608   0.3416       0.0046   1.3495%   2.3608    2002708    84.8318   200.2697
------------------------------------------------------------------------------------------------------------------------------------------------------------------------------------

------------------------------------------------------DIRECT CONDITIONAL BRANCH PREDICTION MEASUREMENTS (Last 25M instructions)-----------------------------------------------------
       Instr       Cycles      IPC      NumBr     MispBr BrPerCyc MispBrPerCyc        MR     MPKI      CycWP   CycWPAvg   CycWPPKI
    15000054      6015449   2.4936    2614946      28117   0.4347       0.0047   1.0752%   1.8745    2169688    77.1664   144.6453
-------------------------------------------------------------------------------------------------------------------------------------------------------------------------------------

---------------------------------------------------------DIRECT CONDITIONAL BRANCH PREDICTION MEASUREMENTS (50 Perc instructions)---------------------------------------------------
       Instr       Cycles      IPC      NumBr     MispBr BrPerCyc MispBrPerCyc        MR     MPKI      CycWP   CycWPAvg   CycWPPKI
     8000054      4789090   1.6705    1411368      21322   0.2947       0.0045   1.5107%   2.6652    1942498    91.1030   242.8106
------------------------------------------------------------------------------------------------------------------------------------------------------------------------------------

-------------------------------------DIRECT CONDITIONAL BRANCH PREDICTION MEASUREMENTS (Full Simulation i.e. Counts Not Reset When Warmup Ends)-------------------------------------
       Instr       Cycles      IPC      NumBr     MispBr BrPerCyc MispBrPerCyc        MR     MPKI      CycWP   CycWPAvg   CycWPPKI
    15000054      6015449   2.4936    2614946      28117   0.4347       0.0047   1.0752%   1.8745    2169688    77.1664   144.6453
------------------------------------------------------------------------------------------------------------------------------------------------------------------------------------
 Read 15000054 instrs 

ExecTime = 120.49866127967834
