CMD:./cbp ../cbp2025/traces/web/web_16_trace.gz
5000000 instrs 
10000000 instrs 
15000000 instrs 
20000000 instrs 
EOF
WINDOW_SIZE = 1024
FETCH_WIDTH = 16
FETCH_NUM_BRANCH = 16
FETCH_STOP_AT_INDIRECT = 1
FETCH_STOP_AT_TAKEN = 1
FETCH_MODEL_ICACHE = 1
PERFECT_BRANCH_PRED = 0
PERFECT_INDIRECT_PRED = 1
PIPELINE_FILL_LATENCY = 10
NUM_LDST_LANES = 8
NUM_ALU_LANES = 16
MEMORY HIERARCHY CONFIGURATION---------------------
STRIDE Prefetcher = 1
PERFECT_CACHE = 0
WRITE_ALLOCATE = 1
Within-pipeline factors:
	AGEN latency = 1 cycle
	Store Queue (SQ): SQ size = window size, oracle memory disambiguation, store-load forwarding = 1 cycle after store's or load's agen.
	* Note: A store searches the L1$ at commit. The store is released
	* from the SQ and window, whether it hits or misses. Store misses
	* are buffered until the block is allocated and the store is
	* performed in the L1$. While buffered, conflicting loads get
	* the store's data as they would from the SQ.
I$: 128 KB, 8-way set-assoc., 64B block size
L1$: 128 KB, 8-way set-assoc., 64B block size, 3-cycle search latency
L2$: 4 MB, 8-way set-assoc., 64B block size, 12-cycle search latency
L3$: 32 MB, 16-way set-assoc., 128B block size, 50-cycle search latency
Main Memory: 150-cycle fixed search time
---------------------------STORE QUEUE MEASUREMENTS (Full Simulation i.e. Counts Not Reset When Warmup Ends)---------------------------
Number of loads: 4645046
Number of loads that miss in SQ: 4020007 (86.54%)
Number of PFs issued to the memory system 1141933
---------------------------------------------------------------------------------------------------------------------------------------
------------------------MEMORY HIERARCHY MEASUREMENTS (Full Simulation i.e. Counts Not Reset When Warmup Ends)-------------------------
I$:
	accesses   = 25993386
	misses     = 64398
	miss ratio = 0.25%
	pf accesses   = 0
	pf misses     = 0
	pf miss ratio = -nan%
L1$:
	accesses   = 7142508
	misses     = 96947
	miss ratio = 1.36%
	pf accesses   = 1141933
	pf misses     = 30363
	pf miss ratio = 2.66%
L2$:
	accesses   = 161345
	misses     = 91707
	miss ratio = 56.84%
	pf accesses   = 30363
	pf misses     = 22352
	pf miss ratio = 73.62%
L3$:
	accesses   = 91707
	misses     = 51039
	miss ratio = 55.65%
	pf accesses   = 22352
	pf misses     = 11495
	pf miss ratio = 51.43%
---------------------------------------------------------------------------------------------------------------------------------------
----------------------------------------------Prefetcher (Full Simulation i.e. No Warmup)----------------------------------------------
Num Trainings :4645046
Num Prefetches generated :1148444
Num Prefetches issued :2314675
Num Prefetches filtered by PF queue :76316
Num untimely prefetches dropped from PF queue :6511
Num prefetches not issued LDST contention :1172742
Num prefetches not issued stride 0 :975381
---------------------------------------------------------------------------------------------------------------------------------------

-------------------------------ILP LIMIT STUDY (Full Simulation i.e. Counts Not Reset When Warmup Ends)--------------------------------
instructions = 20000052
cycles       = 10059065
CycWP        = 1366358
IPC          = 1.9883

---------------------------------------------------------------------------------------------------------------------------------------

-----------------------------------------------BRANCH PREDICTION MEASUREMENTS (Full Simulation i.e. Counts Not Reset When Warmup Ends)----------------------------------------------
Type                   NumBr     MispBr        mr     mpki
CondDirect          1486259      38655   2.6008%   1.9327
JumpDirect           236857          0   0.0000%   0.0000
JumpIndirect         307229          0   0.0000%   0.0000
JumpReturn           176742          0   0.0000%   0.0000
Not control        23786299          0   0.0000%   0.0000
------------------------------------------------------------------------------------------------------------------------------------------------------------------------------------

------------------------------------------------------DIRECT CONDITIONAL BRANCH PREDICTION MEASUREMENTS (Last 10M instructions)-----------------------------------------------------
       Instr       Cycles      IPC      NumBr     MispBr BrPerCyc MispBrPerCyc        MR     MPKI      CycWP   CycWPAvg   CycWPPKI
    10000052      6986713   1.4313     732871      26182   0.1049       0.0037   3.5725%   2.6182     925501    35.3488    92.5496
------------------------------------------------------------------------------------------------------------------------------------------------------------------------------------

------------------------------------------------------DIRECT CONDITIONAL BRANCH PREDICTION MEASUREMENTS (Last 25M instructions)-----------------------------------------------------
       Instr       Cycles      IPC      NumBr     MispBr BrPerCyc MispBrPerCyc        MR     MPKI      CycWP   CycWPAvg   CycWPPKI
    20000052     10059065   1.9883    1486259      38655   0.1478       0.0038   2.6008%   1.9327    1366358    35.3475    68.3177
-------------------------------------------------------------------------------------------------------------------------------------------------------------------------------------

---------------------------------------------------------DIRECT CONDITIONAL BRANCH PREDICTION MEASUREMENTS (50 Perc instructions)---------------------------------------------------
       Instr       Cycles      IPC      NumBr     MispBr BrPerCyc MispBrPerCyc        MR     MPKI      CycWP   CycWPAvg   CycWPPKI
    10000052      6986713   1.4313     732871      26182   0.1049       0.0037   3.5725%   2.6182     925501    35.3488    92.5496
------------------------------------------------------------------------------------------------------------------------------------------------------------------------------------

-------------------------------------DIRECT CONDITIONAL BRANCH PREDICTION MEASUREMENTS (Full Simulation i.e. Counts Not Reset When Warmup Ends)-------------------------------------
       Instr       Cycles      IPC      NumBr     MispBr BrPerCyc MispBrPerCyc        MR     MPKI      CycWP   CycWPAvg   CycWPPKI
    20000052     10059065   1.9883    1486259      38655   0.1478       0.0038   2.6008%   1.9327    1366358    35.3475    68.3177
------------------------------------------------------------------------------------------------------------------------------------------------------------------------------------
 Read 20000052 instrs 

ExecTime = 177.91002655029297
