CMD:./cbp ../cbp2025/traces/web/web_19_trace.gz
5000000 instrs 
10000000 instrs 
15000000 instrs 
EOF
WINDOW_SIZE = 1024
FETCH_WIDTH = 16
FETCH_NUM_BRANCH = 16
FETCH_STOP_AT_INDIRECT = 1
FETCH_STOP_AT_TAKEN = 1
FETCH_MODEL_ICACHE = 1
PERFECT_BRANCH_PRED = 0
PERFECT_INDIRECT_PRED = 1
PIPELINE_FILL_LATENCY = 10
NUM_LDST_LANES = 8
NUM_ALU_LANES = 16
MEMORY HIERARCHY CONFIGURATION---------------------
STRIDE Prefetcher = 1
PERFECT_CACHE = 0
WRITE_ALLOCATE = 1
Within-pipeline factors:
	AGEN latency = 1 cycle
	Store Queue (SQ): SQ size = window size, oracle memory disambiguation, store-load forwarding = 1 cycle after store's or load's agen.
	* Note: A store searches the L1$ at commit. The store is released
	* from the SQ and window, whether it hits or misses. Store misses
	* are buffered until the block is allocated and the store is
	* performed in the L1$. While buffered, conflicting loads get
	* the store's data as they would from the SQ.
I$: 128 KB, 8-way set-assoc., 64B block size
L1$: 128 KB, 8-way set-assoc., 64B block size, 3-cycle search latency
L2$: 4 MB, 8-way set-assoc., 64B block size, 12-cycle search latency
L3$: 32 MB, 16-way set-assoc., 128B block size, 50-cycle search latency
Main Memory: 150-cycle fixed search time
---------------------------STORE QUEUE MEASUREMENTS (Full Simulation i.e. Counts Not Reset When Warmup Ends)---------------------------
Number of loads: 4198118
Number of loads that miss in SQ: 3427261 (81.64%)
Number of PFs issued to the memory system 304093
---------------------------------------------------------------------------------------------------------------------------------------
------------------------MEMORY HIERARCHY MEASUREMENTS (Full Simulation i.e. Counts Not Reset When Warmup Ends)-------------------------
I$:
	accesses   = 16653833
	misses     = 85591
	miss ratio = 0.51%
	pf accesses   = 0
	pf misses     = 0
	pf miss ratio = -nan%
L1$:
	accesses   = 6084931
	misses     = 80896
	miss ratio = 1.33%
	pf accesses   = 304093
	pf misses     = 10447
	pf miss ratio = 3.44%
L2$:
	accesses   = 166487
	misses     = 67873
	miss ratio = 40.77%
	pf accesses   = 10447
	pf misses     = 6441
	pf miss ratio = 61.65%
L3$:
	accesses   = 67873
	misses     = 39266
	miss ratio = 57.85%
	pf accesses   = 6441
	pf misses     = 3305
	pf miss ratio = 51.31%
---------------------------------------------------------------------------------------------------------------------------------------
----------------------------------------------Prefetcher (Full Simulation i.e. No Warmup)----------------------------------------------
Num Trainings :4198118
Num Prefetches generated :305871
Num Prefetches issued :693534
Num Prefetches filtered by PF queue :15873
Num untimely prefetches dropped from PF queue :1778
Num prefetches not issued LDST contention :389441
Num prefetches not issued stride 0 :1319287
---------------------------------------------------------------------------------------------------------------------------------------

-------------------------------ILP LIMIT STUDY (Full Simulation i.e. Counts Not Reset When Warmup Ends)--------------------------------
instructions = 15000016
cycles       = 9769601
CycWP        = 2754650
IPC          = 1.5354

---------------------------------------------------------------------------------------------------------------------------------------

-----------------------------------------------BRANCH PREDICTION MEASUREMENTS (Full Simulation i.e. Counts Not Reset When Warmup Ends)----------------------------------------------
Type                   NumBr     MispBr        mr     mpki
CondDirect          2562002      92632   3.6156%   6.1755
JumpDirect           354292          0   0.0000%   0.0000
JumpIndirect          96038          0   0.0000%   0.0000
JumpReturn           193495          0   0.0000%   0.0000
Not control        13448006          0   0.0000%   0.0000
------------------------------------------------------------------------------------------------------------------------------------------------------------------------------------

------------------------------------------------------DIRECT CONDITIONAL BRANCH PREDICTION MEASUREMENTS (Last 10M instructions)-----------------------------------------------------
       Instr       Cycles      IPC      NumBr     MispBr BrPerCyc MispBrPerCyc        MR     MPKI      CycWP   CycWPAvg   CycWPPKI
    10000016      6667856   1.4997    1714065      75106   0.2571       0.0113   4.3817%   7.5106    1947748    25.9333   194.7745
------------------------------------------------------------------------------------------------------------------------------------------------------------------------------------

------------------------------------------------------DIRECT CONDITIONAL BRANCH PREDICTION MEASUREMENTS (Last 25M instructions)-----------------------------------------------------
       Instr       Cycles      IPC      NumBr     MispBr BrPerCyc MispBrPerCyc        MR     MPKI      CycWP   CycWPAvg   CycWPPKI
    15000016      9769601   1.5354    2562002      92632   0.2622       0.0095   3.6156%   6.1755    2754650    29.7376   183.6431
-------------------------------------------------------------------------------------------------------------------------------------------------------------------------------------

---------------------------------------------------------DIRECT CONDITIONAL BRANCH PREDICTION MEASUREMENTS (50 Perc instructions)---------------------------------------------------
       Instr       Cycles      IPC      NumBr     MispBr BrPerCyc MispBrPerCyc        MR     MPKI      CycWP   CycWPAvg   CycWPPKI
     8000016      4497262   1.7789    1380363      60912   0.3069       0.0135   4.4128%   7.6140    1414986    23.2300   176.8729
------------------------------------------------------------------------------------------------------------------------------------------------------------------------------------

-------------------------------------DIRECT CONDITIONAL BRANCH PREDICTION MEASUREMENTS (Full Simulation i.e. Counts Not Reset When Warmup Ends)-------------------------------------
       Instr       Cycles      IPC      NumBr     MispBr BrPerCyc MispBrPerCyc        MR     MPKI      CycWP   CycWPAvg   CycWPPKI
    15000016      9769601   1.5354    2562002      92632   0.2622       0.0095   3.6156%   6.1755    2754650    29.7376   183.6431
------------------------------------------------------------------------------------------------------------------------------------------------------------------------------------
 Read 15000016 instrs 

ExecTime = 126.31973004341125
