CMD:./cbp ../cbp2025/traces/web/web_20_trace.gz
5000000 instrs 
10000000 instrs 
15000000 instrs 
20000000 instrs 
EOF
WINDOW_SIZE = 1024
FETCH_WIDTH = 16
FETCH_NUM_BRANCH = 16
FETCH_STOP_AT_INDIRECT = 1
FETCH_STOP_AT_TAKEN = 1
FETCH_MODEL_ICACHE = 1
PERFECT_BRANCH_PRED = 0
PERFECT_INDIRECT_PRED = 1
PIPELINE_FILL_LATENCY = 10
NUM_LDST_LANES = 8
NUM_ALU_LANES = 16
MEMORY HIERARCHY CONFIGURATION---------------------
STRIDE Prefetcher = 1
PERFECT_CACHE = 0
WRITE_ALLOCATE = 1
Within-pipeline factors:
	AGEN latency = 1 cycle
	Store Queue (SQ): SQ size = window size, oracle memory disambiguation, store-load forwarding = 1 cycle after store's or load's agen.
	* Note: A store searches the L1$ at commit. The store is released
	* from the SQ and window, whether it hits or misses. Store misses
	* are buffered until the block is allocated and the store is
	* performed in the L1$. While buffered, conflicting loads get
	* the store's data as they would from the SQ.
I$: 128 KB, 8-way set-assoc., 64B block size
L1$: 128 KB, 8-way set-assoc., 64B block size, 3-cycle search latency
L2$: 4 MB, 8-way set-assoc., 64B block size, 12-cycle search latency
L3$: 32 MB, 16-way set-assoc., 128B block size, 50-cycle search latency
Main Memory: 150-cycle fixed search time
---------------------------STORE QUEUE MEASUREMENTS (Full Simulation i.e. Counts Not Reset When Warmup Ends)---------------------------
Number of loads: 5290864
Number of loads that miss in SQ: 4559680 (86.18%)
Number of PFs issued to the memory system 187880
---------------------------------------------------------------------------------------------------------------------------------------
------------------------MEMORY HIERARCHY MEASUREMENTS (Full Simulation i.e. Counts Not Reset When Warmup Ends)-------------------------
I$:
	accesses   = 21915752
	misses     = 279179
	miss ratio = 1.27%
	pf accesses   = 0
	pf misses     = 0
	pf miss ratio = -nan%
L1$:
	accesses   = 7991231
	misses     = 171493
	miss ratio = 2.15%
	pf accesses   = 187880
	pf misses     = 3987
	pf miss ratio = 2.12%
L2$:
	accesses   = 450672
	misses     = 50119
	miss ratio = 11.12%
	pf accesses   = 3987
	pf misses     = 1329
	pf miss ratio = 33.33%
L3$:
	accesses   = 50119
	misses     = 28074
	miss ratio = 56.01%
	pf accesses   = 1329
	pf misses     = 766
	pf miss ratio = 57.64%
---------------------------------------------------------------------------------------------------------------------------------------
----------------------------------------------Prefetcher (Full Simulation i.e. No Warmup)----------------------------------------------
Num Trainings :5290864
Num Prefetches generated :189175
Num Prefetches issued :380143
Num Prefetches filtered by PF queue :5557
Num untimely prefetches dropped from PF queue :1295
Num prefetches not issued LDST contention :192263
Num prefetches not issued stride 0 :920207
---------------------------------------------------------------------------------------------------------------------------------------

-------------------------------ILP LIMIT STUDY (Full Simulation i.e. Counts Not Reset When Warmup Ends)--------------------------------
instructions = 20000004
cycles       = 10660985
CycWP        = 2452615
IPC          = 1.8760

---------------------------------------------------------------------------------------------------------------------------------------

-----------------------------------------------BRANCH PREDICTION MEASUREMENTS (Full Simulation i.e. Counts Not Reset When Warmup Ends)----------------------------------------------
Type                   NumBr     MispBr        mr     mpki
CondDirect          3186911      85993   2.6983%   4.2996
JumpDirect           438678          0   0.0000%   0.0000
JumpIndirect         165799          0   0.0000%   0.0000
JumpReturn           242119          0   0.0000%   0.0000
Not control        17882245          0   0.0000%   0.0000
------------------------------------------------------------------------------------------------------------------------------------------------------------------------------------

------------------------------------------------------DIRECT CONDITIONAL BRANCH PREDICTION MEASUREMENTS (Last 10M instructions)-----------------------------------------------------
       Instr       Cycles      IPC      NumBr     MispBr BrPerCyc MispBrPerCyc        MR     MPKI      CycWP   CycWPAvg   CycWPPKI
    10000004      3875597   2.5802    1586755      25330   0.4094       0.0065   1.5963%   2.5330     715878    28.2621    71.5878
------------------------------------------------------------------------------------------------------------------------------------------------------------------------------------

------------------------------------------------------DIRECT CONDITIONAL BRANCH PREDICTION MEASUREMENTS (Last 25M instructions)-----------------------------------------------------
       Instr       Cycles      IPC      NumBr     MispBr BrPerCyc MispBrPerCyc        MR     MPKI      CycWP   CycWPAvg   CycWPPKI
    20000004     10660985   1.8760    3186911      85993   0.2989       0.0081   2.6983%   4.2996    2452615    28.5211   122.6307
-------------------------------------------------------------------------------------------------------------------------------------------------------------------------------------

---------------------------------------------------------DIRECT CONDITIONAL BRANCH PREDICTION MEASUREMENTS (50 Perc instructions)---------------------------------------------------
       Instr       Cycles      IPC      NumBr     MispBr BrPerCyc MispBrPerCyc        MR     MPKI      CycWP   CycWPAvg   CycWPPKI
    10000004      3875597   2.5802    1586755      25330   0.4094       0.0065   1.5963%   2.5330     715878    28.2621    71.5878
------------------------------------------------------------------------------------------------------------------------------------------------------------------------------------

-------------------------------------DIRECT CONDITIONAL BRANCH PREDICTION MEASUREMENTS (Full Simulation i.e. Counts Not Reset When Warmup Ends)-------------------------------------
       Instr       Cycles      IPC      NumBr     MispBr BrPerCyc MispBrPerCyc        MR     MPKI      CycWP   CycWPAvg   CycWPPKI
    20000004     10660985   1.8760    3186911      85993   0.2989       0.0081   2.6983%   4.2996    2452615    28.5211   122.6307
------------------------------------------------------------------------------------------------------------------------------------------------------------------------------------
 Read 20000004 instrs 

ExecTime = 159.61101818084717
