CMD:./cbp ../cbp2025/traces/web/web_9_trace.gz
5000000 instrs 
10000000 instrs 
15000000 instrs 
20000000 instrs 
25000000 instrs 
30000000 instrs 
35000000 instrs 
EOF
WINDOW_SIZE = 1024
FETCH_WIDTH = 16
FETCH_NUM_BRANCH = 16
FETCH_STOP_AT_INDIRECT = 1
FETCH_STOP_AT_TAKEN = 1
FETCH_MODEL_ICACHE = 1
PERFECT_BRANCH_PRED = 0
PERFECT_INDIRECT_PRED = 1
PIPELINE_FILL_LATENCY = 10
NUM_LDST_LANES = 8
NUM_ALU_LANES = 16
MEMORY HIERARCHY CONFIGURATION---------------------
STRIDE Prefetcher = 1
PERFECT_CACHE = 0
WRITE_ALLOCATE = 1
Within-pipeline factors:
	AGEN latency = 1 cycle
	Store Queue (SQ): SQ size = window size, oracle memory disambiguation, store-load forwarding = 1 cycle after store's or load's agen.
	* Note: A store searches the L1$ at commit. The store is released
	* from the SQ and window, whether it hits or misses. Store misses
	* are buffered until the block is allocated and the store is
	* performed in the L1$. While buffered, conflicting loads get
	* the store's data as they would from the SQ.
I$: 128 KB, 8-way set-assoc., 64B block size
L1$: 128 KB, 8-way set-assoc., 64B block size, 3-cycle search latency
L2$: 4 MB, 8-way set-assoc., 64B block size, 12-cycle search latency
L3$: 32 MB, 16-way set-assoc., 128B block size, 50-cycle search latency
Main Memory: 150-cycle fixed search time
---------------------------STORE QUEUE MEASUREMENTS (Full Simulation i.e. Counts Not Reset When Warmup Ends)---------------------------
Number of loads: 11520069
Number of loads that miss in SQ: 10620499 (92.19%)
Number of PFs issued to the memory system 2342322
---------------------------------------------------------------------------------------------------------------------------------------
------------------------MEMORY HIERARCHY MEASUREMENTS (Full Simulation i.e. Counts Not Reset When Warmup Ends)-------------------------
I$:
	accesses   = 48421182
	misses     = 155340
	miss ratio = 0.32%
	pf accesses   = 0
	pf misses     = 0
	pf miss ratio = -nan%
L1$:
	accesses   = 14620292
	misses     = 53709
	miss ratio = 0.37%
	pf accesses   = 2342322
	pf misses     = 7139
	pf miss ratio = 0.30%
L2$:
	accesses   = 209049
	misses     = 50887
	miss ratio = 24.34%
	pf accesses   = 7139
	pf misses     = 3976
	pf miss ratio = 55.69%
L3$:
	accesses   = 50887
	misses     = 28185
	miss ratio = 55.39%
	pf accesses   = 3976
	pf misses     = 1950
	pf miss ratio = 49.04%
---------------------------------------------------------------------------------------------------------------------------------------
----------------------------------------------Prefetcher (Full Simulation i.e. No Warmup)----------------------------------------------
Num Trainings :11520069
Num Prefetches generated :2344955
Num Prefetches issued :2620296
Num Prefetches filtered by PF queue :12365
Num untimely prefetches dropped from PF queue :2633
Num prefetches not issued LDST contention :277974
Num prefetches not issued stride 0 :3549143
---------------------------------------------------------------------------------------------------------------------------------------

-------------------------------ILP LIMIT STUDY (Full Simulation i.e. Counts Not Reset When Warmup Ends)--------------------------------
instructions = 39999863
cycles       = 14296834
CycWP        = 2918612
IPC          = 2.7978

---------------------------------------------------------------------------------------------------------------------------------------

-----------------------------------------------BRANCH PREDICTION MEASUREMENTS (Full Simulation i.e. Counts Not Reset When Warmup Ends)----------------------------------------------
Type                   NumBr     MispBr        mr     mpki
CondDirect          6952037     121041   1.7411%   3.0260
JumpDirect           592418          0   0.0000%   0.0000
JumpIndirect          80366          0   0.0000%   0.0000
JumpReturn           332245          0   0.0000%   0.0000
Not control        40464116          0   0.0000%   0.0000
------------------------------------------------------------------------------------------------------------------------------------------------------------------------------------

------------------------------------------------------DIRECT CONDITIONAL BRANCH PREDICTION MEASUREMENTS (Last 10M instructions)-----------------------------------------------------
       Instr       Cycles      IPC      NumBr     MispBr BrPerCyc MispBrPerCyc        MR     MPKI      CycWP   CycWPAvg   CycWPPKI
    10999863      2239266   4.9123    2173291        848   0.9705       0.0004   0.0390%   0.0771      13055    15.3950     1.1868
------------------------------------------------------------------------------------------------------------------------------------------------------------------------------------

------------------------------------------------------DIRECT CONDITIONAL BRANCH PREDICTION MEASUREMENTS (Last 25M instructions)-----------------------------------------------------
       Instr       Cycles      IPC      NumBr     MispBr BrPerCyc MispBrPerCyc        MR     MPKI      CycWP   CycWPAvg   CycWPPKI
    25999863      6419059   4.0504    4947504      41747   0.7708       0.0065   0.8438%   1.6057     871737    20.8814    33.5285
-------------------------------------------------------------------------------------------------------------------------------------------------------------------------------------

---------------------------------------------------------DIRECT CONDITIONAL BRANCH PREDICTION MEASUREMENTS (50 Perc instructions)---------------------------------------------------
       Instr       Cycles      IPC      NumBr     MispBr BrPerCyc MispBrPerCyc        MR     MPKI      CycWP   CycWPAvg   CycWPPKI
    20999863      4413899   4.7577    4136031       4743   0.9370       0.0011   0.1147%   0.2259      86083    18.1495     4.0992
------------------------------------------------------------------------------------------------------------------------------------------------------------------------------------

-------------------------------------DIRECT CONDITIONAL BRANCH PREDICTION MEASUREMENTS (Full Simulation i.e. Counts Not Reset When Warmup Ends)-------------------------------------
       Instr       Cycles      IPC      NumBr     MispBr BrPerCyc MispBrPerCyc        MR     MPKI      CycWP   CycWPAvg   CycWPPKI
    39999863     14296834   2.7978    6952037     121041   0.4863       0.0085   1.7411%   3.0260    2918612    24.1126    72.9655
------------------------------------------------------------------------------------------------------------------------------------------------------------------------------------
 Read 39999863 instrs 

ExecTime = 394.9360046386719
