CMD:./cbp ../cbp2025/traces/fp/fp_3_trace.gz
5000000 instrs 
10000000 instrs 
15000000 instrs 
20000000 instrs 
25000000 instrs 
30000000 instrs 
EOF
WINDOW_SIZE = 1024
FETCH_WIDTH = 16
FETCH_NUM_BRANCH = 16
FETCH_STOP_AT_INDIRECT = 1
FETCH_STOP_AT_TAKEN = 1
FETCH_MODEL_ICACHE = 1
PERFECT_BRANCH_PRED = 0
PERFECT_INDIRECT_PRED = 1
PIPELINE_FILL_LATENCY = 10
NUM_LDST_LANES = 8
NUM_ALU_LANES = 16
MEMORY HIERARCHY CONFIGURATION---------------------
STRIDE Prefetcher = 1
PERFECT_CACHE = 0
WRITE_ALLOCATE = 1
Within-pipeline factors:
	AGEN latency = 1 cycle
	Store Queue (SQ): SQ size = window size, oracle memory disambiguation, store-load forwarding = 1 cycle after store's or load's agen.
	* Note: A store searches the L1$ at commit. The store is released
	* from the SQ and window, whether it hits or misses. Store misses
	* are buffered until the block is allocated and the store is
	* performed in the L1$. While buffered, conflicting loads get
	* the store's data as they would from the SQ.
I$: 128 KB, 8-way set-assoc., 64B block size
L1$: 128 KB, 8-way set-assoc., 64B block size, 3-cycle search latency
L2$: 4 MB, 8-way set-assoc., 64B block size, 12-cycle search latency
L3$: 32 MB, 16-way set-assoc., 128B block size, 50-cycle search latency
Main Memory: 150-cycle fixed search time
---------------------------STORE QUEUE MEASUREMENTS (Full Simulation i.e. Counts Not Reset When Warmup Ends)---------------------------
Number of loads: 10617675
Number of loads that miss in SQ: 9581772 (90.24%)
Number of PFs issued to the memory system 4728032
---------------------------------------------------------------------------------------------------------------------------------------
------------------------MEMORY HIERARCHY MEASUREMENTS (Full Simulation i.e. Counts Not Reset When Warmup Ends)-------------------------
I$:
	accesses   = 50135618
	misses     = 201
	miss ratio = 0.00%
	pf accesses   = 0
	pf misses     = 0
	pf miss ratio = -nan%
L1$:
	accesses   = 12496668
	misses     = 12005
	miss ratio = 0.10%
	pf accesses   = 4728032
	pf misses     = 1830
	pf miss ratio = 0.04%
L2$:
	accesses   = 12206
	misses     = 5438
	miss ratio = 44.55%
	pf accesses   = 1830
	pf misses     = 629
	pf miss ratio = 34.37%
L3$:
	accesses   = 5438
	misses     = 3929
	miss ratio = 72.25%
	pf accesses   = 629
	pf misses     = 325
	pf miss ratio = 51.67%
---------------------------------------------------------------------------------------------------------------------------------------
----------------------------------------------Prefetcher (Full Simulation i.e. No Warmup)----------------------------------------------
Num Trainings :10617675
Num Prefetches generated :4770618
Num Prefetches issued :13207532
Num Prefetches filtered by PF queue :733362
Num untimely prefetches dropped from PF queue :42586
Num prefetches not issued LDST contention :8479500
Num prefetches not issued stride 0 :559023
---------------------------------------------------------------------------------------------------------------------------------------

-------------------------------ILP LIMIT STUDY (Full Simulation i.e. Counts Not Reset When Warmup Ends)--------------------------------
instructions = 30000052
cycles       = 12797426
CycWP        = 6731733
IPC          = 2.3442

---------------------------------------------------------------------------------------------------------------------------------------

-----------------------------------------------BRANCH PREDICTION MEASUREMENTS (Full Simulation i.e. Counts Not Reset When Warmup Ends)----------------------------------------------
Type                   NumBr     MispBr        mr     mpki
CondDirect          1539997      61419   3.9883%   2.0473
JumpDirect           359724          0   0.0000%   0.0000
JumpIndirect          89875          0   0.0000%   0.0000
JumpReturn           147481          0   0.0000%   0.0000
Not control        47998541          0   0.0000%   0.0000
------------------------------------------------------------------------------------------------------------------------------------------------------------------------------------

------------------------------------------------------DIRECT CONDITIONAL BRANCH PREDICTION MEASUREMENTS (Last 10M instructions)-----------------------------------------------------
       Instr       Cycles      IPC      NumBr     MispBr BrPerCyc MispBrPerCyc        MR     MPKI      CycWP   CycWPAvg   CycWPPKI
    10000052      4284583   2.3340     514190      21641   0.1200       0.0051   4.2088%   2.1641    2309081   106.6994   230.9069
------------------------------------------------------------------------------------------------------------------------------------------------------------------------------------

------------------------------------------------------DIRECT CONDITIONAL BRANCH PREDICTION MEASUREMENTS (Last 25M instructions)-----------------------------------------------------
       Instr       Cycles      IPC      NumBr     MispBr BrPerCyc MispBrPerCyc        MR     MPKI      CycWP   CycWPAvg   CycWPPKI
    25000052     10568053   2.3656    1283292      50313   0.1214       0.0048   3.9206%   2.0125    5555973   110.4282   222.2385
-------------------------------------------------------------------------------------------------------------------------------------------------------------------------------------

---------------------------------------------------------DIRECT CONDITIONAL BRANCH PREDICTION MEASUREMENTS (50 Perc instructions)---------------------------------------------------
       Instr       Cycles      IPC      NumBr     MispBr BrPerCyc MispBrPerCyc        MR     MPKI      CycWP   CycWPAvg   CycWPPKI
    15000052      6385992   2.3489     770204      31267   0.1206       0.0049   4.0596%   2.0845    3397615   108.6646   226.5069
------------------------------------------------------------------------------------------------------------------------------------------------------------------------------------

-------------------------------------DIRECT CONDITIONAL BRANCH PREDICTION MEASUREMENTS (Full Simulation i.e. Counts Not Reset When Warmup Ends)-------------------------------------
       Instr       Cycles      IPC      NumBr     MispBr BrPerCyc MispBrPerCyc        MR     MPKI      CycWP   CycWPAvg   CycWPPKI
    30000052     12797426   2.3442    1539997      61419   0.1203       0.0048   3.9883%   2.0473    6731733   109.6034   224.3907
------------------------------------------------------------------------------------------------------------------------------------------------------------------------------------
 Read 30000052 instrs 

ExecTime = 402.45495319366455
