CMD:./cbp ../cbp2025/traces/int/int_23_trace.gz
5000000 instrs 
10000000 instrs 
15000000 instrs 
20000000 instrs 
25000000 instrs 
30000000 instrs 
35000000 instrs 
40000000 instrs 
EOF
WINDOW_SIZE = 1024
FETCH_WIDTH = 16
FETCH_NUM_BRANCH = 16
FETCH_STOP_AT_INDIRECT = 1
FETCH_STOP_AT_TAKEN = 1
FETCH_MODEL_ICACHE = 1
PERFECT_BRANCH_PRED = 0
PERFECT_INDIRECT_PRED = 1
PIPELINE_FILL_LATENCY = 10
NUM_LDST_LANES = 8
NUM_ALU_LANES = 16
MEMORY HIERARCHY CONFIGURATION---------------------
STRIDE Prefetcher = 1
PERFECT_CACHE = 0
WRITE_ALLOCATE = 1
Within-pipeline factors:
	AGEN latency = 1 cycle
	Store Queue (SQ): SQ size = window size, oracle memory disambiguation, store-load forwarding = 1 cycle after store's or load's agen.
	* Note: A store searches the L1$ at commit. The store is released
	* from the SQ and window, whether it hits or misses. Store misses
	* are buffered until the block is allocated and the store is
	* performed in the L1$. While buffered, conflicting loads get
	* the store's data as they would from the SQ.
I$: 128 KB, 8-way set-assoc., 64B block size
L1$: 128 KB, 8-way set-assoc., 64B block size, 3-cycle search latency
L2$: 4 MB, 8-way set-assoc., 64B block size, 12-cycle search latency
L3$: 32 MB, 16-way set-assoc., 128B block size, 50-cycle search latency
Main Memory: 150-cycle fixed search time
---------------------------STORE QUEUE MEASUREMENTS (Full Simulation i.e. Counts Not Reset When Warmup Ends)---------------------------
Number of loads: 13412001
Number of loads that miss in SQ: 9391187 (70.02%)
Number of PFs issued to the memory system 1260130
---------------------------------------------------------------------------------------------------------------------------------------
------------------------MEMORY HIERARCHY MEASUREMENTS (Full Simulation i.e. Counts Not Reset When Warmup Ends)-------------------------
I$:
	accesses   = 45327774
	misses     = 692
	miss ratio = 0.00%
	pf accesses   = 0
	pf misses     = 0
	pf miss ratio = -nan%
L1$:
	accesses   = 20431398
	misses     = 596575
	miss ratio = 2.92%
	pf accesses   = 1260130
	pf misses     = 85819
	pf miss ratio = 6.81%
L2$:
	accesses   = 597267
	misses     = 299472
	miss ratio = 50.14%
	pf accesses   = 85819
	pf misses     = 57471
	pf miss ratio = 66.97%
L3$:
	accesses   = 299472
	misses     = 174894
	miss ratio = 58.40%
	pf accesses   = 57471
	pf misses     = 35090
	pf miss ratio = 61.06%
---------------------------------------------------------------------------------------------------------------------------------------
----------------------------------------------Prefetcher (Full Simulation i.e. No Warmup)----------------------------------------------
Num Trainings :13412001
Num Prefetches generated :1260546
Num Prefetches issued :2321134
Num Prefetches filtered by PF queue :70926
Num untimely prefetches dropped from PF queue :416
Num prefetches not issued LDST contention :1061004
Num prefetches not issued stride 0 :4446311
---------------------------------------------------------------------------------------------------------------------------------------

-------------------------------ILP LIMIT STUDY (Full Simulation i.e. Counts Not Reset When Warmup Ends)--------------------------------
instructions = 40000052
cycles       = 18507313
CycWP        = 6336006
IPC          = 2.1613

---------------------------------------------------------------------------------------------------------------------------------------

-----------------------------------------------BRANCH PREDICTION MEASUREMENTS (Full Simulation i.e. Counts Not Reset When Warmup Ends)----------------------------------------------
Type                   NumBr     MispBr        mr     mpki
CondDirect          5329093     139295   2.6139%   3.4824
JumpDirect           791623          0   0.0000%   0.0000
JumpIndirect         678627          0   0.0000%   0.0000
JumpReturn           875670          0   0.0000%   0.0000
Not control        37652761          0   0.0000%   0.0000
------------------------------------------------------------------------------------------------------------------------------------------------------------------------------------

------------------------------------------------------DIRECT CONDITIONAL BRANCH PREDICTION MEASUREMENTS (Last 10M instructions)-----------------------------------------------------
       Instr       Cycles      IPC      NumBr     MispBr BrPerCyc MispBrPerCyc        MR     MPKI      CycWP   CycWPAvg   CycWPPKI
    10000052      4371866   2.2874    1331085      34878   0.3045       0.0080   2.6203%   3.4878    1412214    40.4901   141.2207
------------------------------------------------------------------------------------------------------------------------------------------------------------------------------------

------------------------------------------------------DIRECT CONDITIONAL BRANCH PREDICTION MEASUREMENTS (Last 25M instructions)-----------------------------------------------------
       Instr       Cycles      IPC      NumBr     MispBr BrPerCyc MispBrPerCyc        MR     MPKI      CycWP   CycWPAvg   CycWPPKI
    25000052     10890410   2.2956    3334473      85180   0.3062       0.0078   2.5545%   3.4072    3487773    40.9459   139.5106
-------------------------------------------------------------------------------------------------------------------------------------------------------------------------------------

---------------------------------------------------------DIRECT CONDITIONAL BRANCH PREDICTION MEASUREMENTS (50 Perc instructions)---------------------------------------------------
       Instr       Cycles      IPC      NumBr     MispBr BrPerCyc MispBrPerCyc        MR     MPKI      CycWP   CycWPAvg   CycWPPKI
    20000052      8603665   2.3246    2669216      67286   0.3102       0.0078   2.5208%   3.3643    2704024    40.1870   135.2008
------------------------------------------------------------------------------------------------------------------------------------------------------------------------------------

-------------------------------------DIRECT CONDITIONAL BRANCH PREDICTION MEASUREMENTS (Full Simulation i.e. Counts Not Reset When Warmup Ends)-------------------------------------
       Instr       Cycles      IPC      NumBr     MispBr BrPerCyc MispBrPerCyc        MR     MPKI      CycWP   CycWPAvg   CycWPPKI
    40000052     18507313   2.1613    5329093     139295   0.2879       0.0075   2.6139%   3.4824    6336006    45.4862   158.3999
------------------------------------------------------------------------------------------------------------------------------------------------------------------------------------
 Read 40000052 instrs 

ExecTime = 351.12373065948486
