CMD:./cbp ../cbp2025/traces/int/int_16_trace.gz
5000000 instrs 
10000000 instrs 
15000000 instrs 
20000000 instrs 
25000000 instrs 
30000000 instrs 
35000000 instrs 
40000000 instrs 
EOF
WINDOW_SIZE = 1024
FETCH_WIDTH = 16
FETCH_NUM_BRANCH = 16
FETCH_STOP_AT_INDIRECT = 1
FETCH_STOP_AT_TAKEN = 1
FETCH_MODEL_ICACHE = 1
PERFECT_BRANCH_PRED = 0
PERFECT_INDIRECT_PRED = 1
PIPELINE_FILL_LATENCY = 10
NUM_LDST_LANES = 8
NUM_ALU_LANES = 16
MEMORY HIERARCHY CONFIGURATION---------------------
STRIDE Prefetcher = 1
PERFECT_CACHE = 0
WRITE_ALLOCATE = 1
Within-pipeline factors:
	AGEN latency = 1 cycle
	Store Queue (SQ): SQ size = window size, oracle memory disambiguation, store-load forwarding = 1 cycle after store's or load's agen.
	* Note: A store searches the L1$ at commit. The store is released
	* from the SQ and window, whether it hits or misses. Store misses
	* are buffered until the block is allocated and the store is
	* performed in the L1$. While buffered, conflicting loads get
	* the store's data as they would from the SQ.
I$: 128 KB, 8-way set-assoc., 64B block size
L1$: 128 KB, 8-way set-assoc., 64B block size, 3-cycle search latency
L2$: 4 MB, 8-way set-assoc., 64B block size, 12-cycle search latency
L3$: 32 MB, 16-way set-assoc., 128B block size, 50-cycle search latency
Main Memory: 150-cycle fixed search time
---------------------------STORE QUEUE MEASUREMENTS (Full Simulation i.e. Counts Not Reset When Warmup Ends)---------------------------
Number of loads: 11970574
Number of loads that miss in SQ: 9466541 (79.08%)
Number of PFs issued to the memory system 1068287
---------------------------------------------------------------------------------------------------------------------------------------
------------------------MEMORY HIERARCHY MEASUREMENTS (Full Simulation i.e. Counts Not Reset When Warmup Ends)-------------------------
I$:
	accesses   = 45694754
	misses     = 175424
	miss ratio = 0.38%
	pf accesses   = 0
	pf misses     = 0
	pf miss ratio = -nan%
L1$:
	accesses   = 18183904
	misses     = 95089
	miss ratio = 0.52%
	pf accesses   = 1068287
	pf misses     = 35877
	pf miss ratio = 3.36%
L2$:
	accesses   = 270513
	misses     = 52819
	miss ratio = 19.53%
	pf accesses   = 35877
	pf misses     = 5819
	pf miss ratio = 16.22%
L3$:
	accesses   = 52819
	misses     = 31997
	miss ratio = 60.58%
	pf accesses   = 5819
	pf misses     = 2815
	pf miss ratio = 48.38%
---------------------------------------------------------------------------------------------------------------------------------------
----------------------------------------------Prefetcher (Full Simulation i.e. No Warmup)----------------------------------------------
Num Trainings :11970574
Num Prefetches generated :1072324
Num Prefetches issued :1970504
Num Prefetches filtered by PF queue :37599
Num untimely prefetches dropped from PF queue :4037
Num prefetches not issued LDST contention :902217
Num prefetches not issued stride 0 :2683751
---------------------------------------------------------------------------------------------------------------------------------------

-------------------------------ILP LIMIT STUDY (Full Simulation i.e. Counts Not Reset When Warmup Ends)--------------------------------
instructions = 40000031
cycles       = 19002465
CycWP        = 7284591
IPC          = 2.1050

---------------------------------------------------------------------------------------------------------------------------------------

-----------------------------------------------BRANCH PREDICTION MEASUREMENTS (Full Simulation i.e. Counts Not Reset When Warmup Ends)----------------------------------------------
Type                   NumBr     MispBr        mr     mpki
CondDirect          6733574     325011   4.8267%   8.1253
JumpDirect          1206189          0   0.0000%   0.0000
JumpIndirect         233285          0   0.0000%   0.0000
JumpReturn           560713          0   0.0000%   0.0000
Not control        36960993          0   0.0000%   0.0000
------------------------------------------------------------------------------------------------------------------------------------------------------------------------------------

------------------------------------------------------DIRECT CONDITIONAL BRANCH PREDICTION MEASUREMENTS (Last 10M instructions)-----------------------------------------------------
       Instr       Cycles      IPC      NumBr     MispBr BrPerCyc MispBrPerCyc        MR     MPKI      CycWP   CycWPAvg   CycWPPKI
    10000031      3513961   2.8458    1681095      73717   0.4784       0.0210   4.3851%   7.3717    1552375    21.0586   155.2370
------------------------------------------------------------------------------------------------------------------------------------------------------------------------------------

------------------------------------------------------DIRECT CONDITIONAL BRANCH PREDICTION MEASUREMENTS (Last 25M instructions)-----------------------------------------------------
       Instr       Cycles      IPC      NumBr     MispBr BrPerCyc MispBrPerCyc        MR     MPKI      CycWP   CycWPAvg   CycWPPKI
    25000031      9975829   2.5061    4174732     206227   0.4185       0.0207   4.9399%   8.2491    4379888    21.2382   175.1953
-------------------------------------------------------------------------------------------------------------------------------------------------------------------------------------

---------------------------------------------------------DIRECT CONDITIONAL BRANCH PREDICTION MEASUREMENTS (50 Perc instructions)---------------------------------------------------
       Instr       Cycles      IPC      NumBr     MispBr BrPerCyc MispBrPerCyc        MR     MPKI      CycWP   CycWPAvg   CycWPPKI
    20000031      8150209   2.4539    3364149     168450   0.4128       0.0207   5.0072%   8.4225    3622888    21.5072   181.1441
------------------------------------------------------------------------------------------------------------------------------------------------------------------------------------

-------------------------------------DIRECT CONDITIONAL BRANCH PREDICTION MEASUREMENTS (Full Simulation i.e. Counts Not Reset When Warmup Ends)-------------------------------------
       Instr       Cycles      IPC      NumBr     MispBr BrPerCyc MispBrPerCyc        MR     MPKI      CycWP   CycWPAvg   CycWPPKI
    40000031     19002465   2.1050    6733574     325011   0.3544       0.0171   4.8267%   8.1253    7284591    22.4134   182.1146
------------------------------------------------------------------------------------------------------------------------------------------------------------------------------------
 Read 40000031 instrs 

ExecTime = 262.93600940704346
