CMD:./cbp ../cbp2025/traces/compress/compress_6_trace.gz
5000000 instrs 
10000000 instrs 
15000000 instrs 
20000000 instrs 
25000000 instrs 
30000000 instrs 
EOF
WINDOW_SIZE = 1024
FETCH_WIDTH = 16
FETCH_NUM_BRANCH = 16
FETCH_STOP_AT_INDIRECT = 1
FETCH_STOP_AT_TAKEN = 1
FETCH_MODEL_ICACHE = 1
PERFECT_BRANCH_PRED = 0
PERFECT_INDIRECT_PRED = 1
PIPELINE_FILL_LATENCY = 10
NUM_LDST_LANES = 8
NUM_ALU_LANES = 16
MEMORY HIERARCHY CONFIGURATION---------------------
STRIDE Prefetcher = 1
PERFECT_CACHE = 0
WRITE_ALLOCATE = 1
Within-pipeline factors:
	AGEN latency = 1 cycle
	Store Queue (SQ): SQ size = window size, oracle memory disambiguation, store-load forwarding = 1 cycle after store's or load's agen.
	* Note: A store searches the L1$ at commit. The store is released
	* from the SQ and window, whether it hits or misses. Store misses
	* are buffered until the block is allocated and the store is
	* performed in the L1$. While buffered, conflicting loads get
	* the store's data as they would from the SQ.
I$: 128 KB, 8-way set-assoc., 64B block size
L1$: 128 KB, 8-way set-assoc., 64B block size, 3-cycle search latency
L2$: 4 MB, 8-way set-assoc., 64B block size, 12-cycle search latency
L3$: 32 MB, 16-way set-assoc., 128B block size, 50-cycle search latency
Main Memory: 150-cycle fixed search time
---------------------------STORE QUEUE MEASUREMENTS (Full Simulation i.e. Counts Not Reset When Warmup Ends)---------------------------
Number of loads: 7021069
Number of loads that miss in SQ: 5521723 (78.65%)
Number of PFs issued to the memory system 803911
---------------------------------------------------------------------------------------------------------------------------------------
------------------------MEMORY HIERARCHY MEASUREMENTS (Full Simulation i.e. Counts Not Reset When Warmup Ends)-------------------------
I$:
	accesses   = 37202753
	misses     = 5940
	miss ratio = 0.02%
	pf accesses   = 0
	pf misses     = 0
	pf miss ratio = -nan%
L1$:
	accesses   = 12033296
	misses     = 324514
	miss ratio = 2.70%
	pf accesses   = 803911
	pf misses     = 57828
	pf miss ratio = 7.19%
L2$:
	accesses   = 330454
	misses     = 121761
	miss ratio = 36.85%
	pf accesses   = 57828
	pf misses     = 2058
	pf miss ratio = 3.56%
L3$:
	accesses   = 121761
	misses     = 61148
	miss ratio = 50.22%
	pf accesses   = 2058
	pf misses     = 577
	pf miss ratio = 28.04%
---------------------------------------------------------------------------------------------------------------------------------------
----------------------------------------------Prefetcher (Full Simulation i.e. No Warmup)----------------------------------------------
Num Trainings :7021069
Num Prefetches generated :851580
Num Prefetches issued :2180634
Num Prefetches filtered by PF queue :357097
Num untimely prefetches dropped from PF queue :47669
Num prefetches not issued LDST contention :1376723
Num prefetches not issued stride 0 :2047687
---------------------------------------------------------------------------------------------------------------------------------------

-------------------------------ILP LIMIT STUDY (Full Simulation i.e. Counts Not Reset When Warmup Ends)--------------------------------
instructions = 33826271
cycles       = 7028344
CycWP        = 1733332
IPC          = 4.8128

---------------------------------------------------------------------------------------------------------------------------------------

-----------------------------------------------BRANCH PREDICTION MEASUREMENTS (Full Simulation i.e. Counts Not Reset When Warmup Ends)----------------------------------------------
Type                   NumBr     MispBr        mr     mpki
CondDirect          3887104      66335   1.7065%   1.9610
JumpDirect           520768          0   0.0000%   0.0000
JumpIndirect           8441          0   0.0000%   0.0000
JumpReturn           153318          0   0.0000%   0.0000
Not control        32633122          0   0.0000%   0.0000
------------------------------------------------------------------------------------------------------------------------------------------------------------------------------------

------------------------------------------------------DIRECT CONDITIONAL BRANCH PREDICTION MEASUREMENTS (Last 10M instructions)-----------------------------------------------------
       Instr       Cycles      IPC      NumBr     MispBr BrPerCyc MispBrPerCyc        MR     MPKI      CycWP   CycWPAvg   CycWPPKI
    10826271      2118788   5.1097    1226366      24521   0.5788       0.0116   1.9995%   2.2650     569974    23.2443    52.6473
------------------------------------------------------------------------------------------------------------------------------------------------------------------------------------

------------------------------------------------------DIRECT CONDITIONAL BRANCH PREDICTION MEASUREMENTS (Last 25M instructions)-----------------------------------------------------
       Instr       Cycles      IPC      NumBr     MispBr BrPerCyc MispBrPerCyc        MR     MPKI      CycWP   CycWPAvg   CycWPPKI
    25826271      4889137   5.2824    2996844      50439   0.6130       0.0103   1.6831%   1.9530    1244446    24.6723    48.1853
-------------------------------------------------------------------------------------------------------------------------------------------------------------------------------------

---------------------------------------------------------DIRECT CONDITIONAL BRANCH PREDICTION MEASUREMENTS (50 Perc instructions)---------------------------------------------------
       Instr       Cycles      IPC      NumBr     MispBr BrPerCyc MispBrPerCyc        MR     MPKI      CycWP   CycWPAvg   CycWPPKI
    17826271      3245746   5.4922    2060235      30690   0.6347       0.0095   1.4896%   1.7216     770914    25.1194    43.2459
------------------------------------------------------------------------------------------------------------------------------------------------------------------------------------

-------------------------------------DIRECT CONDITIONAL BRANCH PREDICTION MEASUREMENTS (Full Simulation i.e. Counts Not Reset When Warmup Ends)-------------------------------------
       Instr       Cycles      IPC      NumBr     MispBr BrPerCyc MispBrPerCyc        MR     MPKI      CycWP   CycWPAvg   CycWPPKI
    33826271      7028344   4.8128    3887104      66335   0.5531       0.0094   1.7065%   1.9610    1733332    26.1300    51.2422
------------------------------------------------------------------------------------------------------------------------------------------------------------------------------------
 Read 33826271 instrs 

ExecTime = 279.20458817481995
