CMD:./cbp ../cbp2025/traces/web/web_13_trace.gz
5000000 instrs 
10000000 instrs 
15000000 instrs 
20000000 instrs 
25000000 instrs 
30000000 instrs 
35000000 instrs 
EOF
WINDOW_SIZE = 1024
FETCH_WIDTH = 16
FETCH_NUM_BRANCH = 16
FETCH_STOP_AT_INDIRECT = 1
FETCH_STOP_AT_TAKEN = 1
FETCH_MODEL_ICACHE = 1
PERFECT_BRANCH_PRED = 0
PERFECT_INDIRECT_PRED = 1
PIPELINE_FILL_LATENCY = 10
NUM_LDST_LANES = 8
NUM_ALU_LANES = 16
MEMORY HIERARCHY CONFIGURATION---------------------
STRIDE Prefetcher = 1
PERFECT_CACHE = 0
WRITE_ALLOCATE = 1
Within-pipeline factors:
	AGEN latency = 1 cycle
	Store Queue (SQ): SQ size = window size, oracle memory disambiguation, store-load forwarding = 1 cycle after store's or load's agen.
	* Note: A store searches the L1$ at commit. The store is released
	* from the SQ and window, whether it hits or misses. Store misses
	* are buffered until the block is allocated and the store is
	* performed in the L1$. While buffered, conflicting loads get
	* the store's data as they would from the SQ.
I$: 128 KB, 8-way set-assoc., 64B block size
L1$: 128 KB, 8-way set-assoc., 64B block size, 3-cycle search latency
L2$: 4 MB, 8-way set-assoc., 64B block size, 12-cycle search latency
L3$: 32 MB, 16-way set-assoc., 128B block size, 50-cycle search latency
Main Memory: 150-cycle fixed search time
---------------------------STORE QUEUE MEASUREMENTS (Full Simulation i.e. Counts Not Reset When Warmup Ends)---------------------------
Number of loads: 11782590
Number of loads that miss in SQ: 9512959 (80.74%)
Number of PFs issued to the memory system 1173793
---------------------------------------------------------------------------------------------------------------------------------------
------------------------MEMORY HIERARCHY MEASUREMENTS (Full Simulation i.e. Counts Not Reset When Warmup Ends)-------------------------
I$:
	accesses   = 49308530
	misses     = 122008
	miss ratio = 0.25%
	pf accesses   = 0
	pf misses     = 0
	pf miss ratio = -nan%
L1$:
	accesses   = 17776019
	misses     = 223972
	miss ratio = 1.26%
	pf accesses   = 1173793
	pf misses     = 45172
	pf miss ratio = 3.85%
L2$:
	accesses   = 345980
	misses     = 169312
	miss ratio = 48.94%
	pf accesses   = 45172
	pf misses     = 24027
	pf miss ratio = 53.19%
L3$:
	accesses   = 169312
	misses     = 87475
	miss ratio = 51.66%
	pf accesses   = 24027
	pf misses     = 11758
	pf miss ratio = 48.94%
---------------------------------------------------------------------------------------------------------------------------------------
----------------------------------------------Prefetcher (Full Simulation i.e. No Warmup)----------------------------------------------
Num Trainings :11782590
Num Prefetches generated :1197632
Num Prefetches issued :4247830
Num Prefetches filtered by PF queue :223398
Num untimely prefetches dropped from PF queue :23839
Num prefetches not issued LDST contention :3074037
Num prefetches not issued stride 0 :3098313
---------------------------------------------------------------------------------------------------------------------------------------

-------------------------------ILP LIMIT STUDY (Full Simulation i.e. Counts Not Reset When Warmup Ends)--------------------------------
instructions = 39999813
cycles       = 17240672
CycWP        = 4240588
IPC          = 2.3201

---------------------------------------------------------------------------------------------------------------------------------------

-----------------------------------------------BRANCH PREDICTION MEASUREMENTS (Full Simulation i.e. Counts Not Reset When Warmup Ends)----------------------------------------------
Type                   NumBr     MispBr        mr     mpki
CondDirect          4813533     138521   2.8777%   3.4630
JumpDirect           857410          0   0.0000%   0.0000
JumpIndirect         332686          0   0.0000%   0.0000
JumpReturn           495001          0   0.0000%   0.0000
Not control        42809900          0   0.0000%   0.0000
------------------------------------------------------------------------------------------------------------------------------------------------------------------------------------

------------------------------------------------------DIRECT CONDITIONAL BRANCH PREDICTION MEASUREMENTS (Last 10M instructions)-----------------------------------------------------
       Instr       Cycles      IPC      NumBr     MispBr BrPerCyc MispBrPerCyc        MR     MPKI      CycWP   CycWPAvg   CycWPPKI
    10999813      5133728   2.1427    1431829      38281   0.2789       0.0075   2.6736%   3.4802    1481156    38.6917   134.6528
------------------------------------------------------------------------------------------------------------------------------------------------------------------------------------

------------------------------------------------------DIRECT CONDITIONAL BRANCH PREDICTION MEASUREMENTS (Last 25M instructions)-----------------------------------------------------
       Instr       Cycles      IPC      NumBr     MispBr BrPerCyc MispBrPerCyc        MR     MPKI      CycWP   CycWPAvg   CycWPPKI
    25999813      8562473   3.0365    3410715      87399   0.3983       0.0102   2.5625%   3.3615    2654197    30.3687   102.0852
-------------------------------------------------------------------------------------------------------------------------------------------------------------------------------------

---------------------------------------------------------DIRECT CONDITIONAL BRANCH PREDICTION MEASUREMENTS (50 Perc instructions)---------------------------------------------------
       Instr       Cycles      IPC      NumBr     MispBr BrPerCyc MispBrPerCyc        MR     MPKI      CycWP   CycWPAvg   CycWPPKI
    20999813      7320676   2.8686    2687998      66414   0.3672       0.0091   2.4708%   3.1626    2157251    32.4819   102.7272
------------------------------------------------------------------------------------------------------------------------------------------------------------------------------------

-------------------------------------DIRECT CONDITIONAL BRANCH PREDICTION MEASUREMENTS (Full Simulation i.e. Counts Not Reset When Warmup Ends)-------------------------------------
       Instr       Cycles      IPC      NumBr     MispBr BrPerCyc MispBrPerCyc        MR     MPKI      CycWP   CycWPAvg   CycWPPKI
    39999813     17240672   2.3201    4813533     138521   0.2792       0.0080   2.8777%   3.4630    4240588    30.6133   106.0152
------------------------------------------------------------------------------------------------------------------------------------------------------------------------------------
 Read 39999813 instrs 

ExecTime = 365.05403661727905
