CMD:./cbp ../cbp2025/traces/web/web_23_trace.gz
5000000 instrs 
10000000 instrs 
15000000 instrs 
20000000 instrs 
EOF
WINDOW_SIZE = 1024
FETCH_WIDTH = 16
FETCH_NUM_BRANCH = 16
FETCH_STOP_AT_INDIRECT = 1
FETCH_STOP_AT_TAKEN = 1
FETCH_MODEL_ICACHE = 1
PERFECT_BRANCH_PRED = 0
PERFECT_INDIRECT_PRED = 1
PIPELINE_FILL_LATENCY = 10
NUM_LDST_LANES = 8
NUM_ALU_LANES = 16
MEMORY HIERARCHY CONFIGURATION---------------------
STRIDE Prefetcher = 1
PERFECT_CACHE = 0
WRITE_ALLOCATE = 1
Within-pipeline factors:
	AGEN latency = 1 cycle
	Store Queue (SQ): SQ size = window size, oracle memory disambiguation, store-load forwarding = 1 cycle after store's or load's agen.
	* Note: A store searches the L1$ at commit. The store is released
	* from the SQ and window, whether it hits or misses. Store misses
	* are buffered until the block is allocated and the store is
	* performed in the L1$. While buffered, conflicting loads get
	* the store's data as they would from the SQ.
I$: 128 KB, 8-way set-assoc., 64B block size
L1$: 128 KB, 8-way set-assoc., 64B block size, 3-cycle search latency
L2$: 4 MB, 8-way set-assoc., 64B block size, 12-cycle search latency
L3$: 32 MB, 16-way set-assoc., 128B block size, 50-cycle search latency
Main Memory: 150-cycle fixed search time
---------------------------STORE QUEUE MEASUREMENTS (Full Simulation i.e. Counts Not Reset When Warmup Ends)---------------------------
Number of loads: 6243550
Number of loads that miss in SQ: 5071546 (81.23%)
Number of PFs issued to the memory system 547979
---------------------------------------------------------------------------------------------------------------------------------------
------------------------MEMORY HIERARCHY MEASUREMENTS (Full Simulation i.e. Counts Not Reset When Warmup Ends)-------------------------
I$:
	accesses   = 22072562
	misses     = 51822
	miss ratio = 0.23%
	pf accesses   = 0
	pf misses     = 0
	pf miss ratio = -nan%
L1$:
	accesses   = 8828104
	misses     = 80783
	miss ratio = 0.92%
	pf accesses   = 547979
	pf misses     = 13574
	pf miss ratio = 2.48%
L2$:
	accesses   = 132605
	misses     = 49705
	miss ratio = 37.48%
	pf accesses   = 13574
	pf misses     = 7052
	pf miss ratio = 51.95%
L3$:
	accesses   = 49705
	misses     = 30205
	miss ratio = 60.77%
	pf accesses   = 7052
	pf misses     = 4041
	pf miss ratio = 57.30%
---------------------------------------------------------------------------------------------------------------------------------------
----------------------------------------------Prefetcher (Full Simulation i.e. No Warmup)----------------------------------------------
Num Trainings :6243550
Num Prefetches generated :565787
Num Prefetches issued :2773283
Num Prefetches filtered by PF queue :101144
Num untimely prefetches dropped from PF queue :17808
Num prefetches not issued LDST contention :2225304
Num prefetches not issued stride 0 :2770812
---------------------------------------------------------------------------------------------------------------------------------------

-------------------------------ILP LIMIT STUDY (Full Simulation i.e. Counts Not Reset When Warmup Ends)--------------------------------
instructions = 20000047
cycles       = 6372971
CycWP        = 856294
IPC          = 3.1383

---------------------------------------------------------------------------------------------------------------------------------------

-----------------------------------------------BRANCH PREDICTION MEASUREMENTS (Full Simulation i.e. Counts Not Reset When Warmup Ends)----------------------------------------------
Type                   NumBr     MispBr        mr     mpki
CondDirect          3286069      24375   0.7418%   1.2187
JumpDirect           222629          0   0.0000%   0.0000
JumpIndirect          32133          0   0.0000%   0.0000
JumpReturn           121702          0   0.0000%   0.0000
Not control        18410029          0   0.0000%   0.0000
------------------------------------------------------------------------------------------------------------------------------------------------------------------------------------

------------------------------------------------------DIRECT CONDITIONAL BRANCH PREDICTION MEASUREMENTS (Last 10M instructions)-----------------------------------------------------
       Instr       Cycles      IPC      NumBr     MispBr BrPerCyc MispBrPerCyc        MR     MPKI      CycWP   CycWPAvg   CycWPPKI
    10000047      4638033   2.1561    1544231      18762   0.3329       0.0040   1.2150%   1.8762     645837    34.4226    64.5834
------------------------------------------------------------------------------------------------------------------------------------------------------------------------------------

------------------------------------------------------DIRECT CONDITIONAL BRANCH PREDICTION MEASUREMENTS (Last 25M instructions)-----------------------------------------------------
       Instr       Cycles      IPC      NumBr     MispBr BrPerCyc MispBrPerCyc        MR     MPKI      CycWP   CycWPAvg   CycWPPKI
    20000047      6372971   3.1383    3286069      24375   0.5156       0.0038   0.7418%   1.2187     856294    35.1300    42.8146
-------------------------------------------------------------------------------------------------------------------------------------------------------------------------------------

---------------------------------------------------------DIRECT CONDITIONAL BRANCH PREDICTION MEASUREMENTS (50 Perc instructions)---------------------------------------------------
       Instr       Cycles      IPC      NumBr     MispBr BrPerCyc MispBrPerCyc        MR     MPKI      CycWP   CycWPAvg   CycWPPKI
    10000047      4638033   2.1561    1544231      18762   0.3329       0.0040   1.2150%   1.8762     645837    34.4226    64.5834
------------------------------------------------------------------------------------------------------------------------------------------------------------------------------------

-------------------------------------DIRECT CONDITIONAL BRANCH PREDICTION MEASUREMENTS (Full Simulation i.e. Counts Not Reset When Warmup Ends)-------------------------------------
       Instr       Cycles      IPC      NumBr     MispBr BrPerCyc MispBrPerCyc        MR     MPKI      CycWP   CycWPAvg   CycWPPKI
    20000047      6372971   3.1383    3286069      24375   0.5156       0.0038   0.7418%   1.2187     856294    35.1300    42.8146
------------------------------------------------------------------------------------------------------------------------------------------------------------------------------------
 Read 20000047 instrs 

ExecTime = 181.72093963623047
