CMD:./cbp ../cbp2025/traces/web/web_11_trace.gz
5000000 instrs 
10000000 instrs 
EOF
WINDOW_SIZE = 1024
FETCH_WIDTH = 16
FETCH_NUM_BRANCH = 16
FETCH_STOP_AT_INDIRECT = 1
FETCH_STOP_AT_TAKEN = 1
FETCH_MODEL_ICACHE = 1
PERFECT_BRANCH_PRED = 0
PERFECT_INDIRECT_PRED = 1
PIPELINE_FILL_LATENCY = 10
NUM_LDST_LANES = 8
NUM_ALU_LANES = 16
MEMORY HIERARCHY CONFIGURATION---------------------
STRIDE Prefetcher = 1
PERFECT_CACHE = 0
WRITE_ALLOCATE = 1
Within-pipeline factors:
	AGEN latency = 1 cycle
	Store Queue (SQ): SQ size = window size, oracle memory disambiguation, store-load forwarding = 1 cycle after store's or load's agen.
	* Note: A store searches the L1$ at commit. The store is released
	* from the SQ and window, whether it hits or misses. Store misses
	* are buffered until the block is allocated and the store is
	* performed in the L1$. While buffered, conflicting loads get
	* the store's data as they would from the SQ.
I$: 128 KB, 8-way set-assoc., 64B block size
L1$: 128 KB, 8-way set-assoc., 64B block size, 3-cycle search latency
L2$: 4 MB, 8-way set-assoc., 64B block size, 12-cycle search latency
L3$: 32 MB, 16-way set-assoc., 128B block size, 50-cycle search latency
Main Memory: 150-cycle fixed search time
---------------------------STORE QUEUE MEASUREMENTS (Full Simulation i.e. Counts Not Reset When Warmup Ends)---------------------------
Number of loads: 2797830
Number of loads that miss in SQ: 2221656 (79.41%)
Number of PFs issued to the memory system 149997
---------------------------------------------------------------------------------------------------------------------------------------
------------------------MEMORY HIERARCHY MEASUREMENTS (Full Simulation i.e. Counts Not Reset When Warmup Ends)-------------------------
I$:
	accesses   = 11464742
	misses     = 115204
	miss ratio = 1.00%
	pf accesses   = 0
	pf misses     = 0
	pf miss ratio = -nan%
L1$:
	accesses   = 4388395
	misses     = 68859
	miss ratio = 1.57%
	pf accesses   = 149997
	pf misses     = 3953
	pf miss ratio = 2.64%
L2$:
	accesses   = 184063
	misses     = 82751
	miss ratio = 44.96%
	pf accesses   = 3953
	pf misses     = 2320
	pf miss ratio = 58.69%
L3$:
	accesses   = 82751
	misses     = 51674
	miss ratio = 62.45%
	pf accesses   = 2320
	pf misses     = 1303
	pf miss ratio = 56.16%
---------------------------------------------------------------------------------------------------------------------------------------
----------------------------------------------Prefetcher (Full Simulation i.e. No Warmup)----------------------------------------------
Num Trainings :2797830
Num Prefetches generated :151908
Num Prefetches issued :387456
Num Prefetches filtered by PF queue :23493
Num untimely prefetches dropped from PF queue :1911
Num prefetches not issued LDST contention :237459
Num prefetches not issued stride 0 :641918
---------------------------------------------------------------------------------------------------------------------------------------

-------------------------------ILP LIMIT STUDY (Full Simulation i.e. Counts Not Reset When Warmup Ends)--------------------------------
instructions = 10001443
cycles       = 11677593
CycWP        = 2203741
IPC          = 0.8565

---------------------------------------------------------------------------------------------------------------------------------------

-----------------------------------------------BRANCH PREDICTION MEASUREMENTS (Full Simulation i.e. Counts Not Reset When Warmup Ends)----------------------------------------------
Type                   NumBr     MispBr        mr     mpki
CondDirect          1391369      57243   4.1141%   5.7235
JumpDirect           317121          0   0.0000%   0.0000
JumpIndirect          80918          0   0.0000%   0.0000
JumpReturn           220660          0   0.0000%   0.0000
Not control         9454674          0   0.0000%   0.0000
------------------------------------------------------------------------------------------------------------------------------------------------------------------------------------

------------------------------------------------------DIRECT CONDITIONAL BRANCH PREDICTION MEASUREMENTS (Last 10M instructions)-----------------------------------------------------
       Instr       Cycles      IPC      NumBr     MispBr BrPerCyc MispBrPerCyc        MR     MPKI      CycWP   CycWPAvg   CycWPPKI
    10001443     11677593   0.8565    1391369      57243   0.1191       0.0049   4.1141%   5.7235    2203741    38.4980   220.3423
------------------------------------------------------------------------------------------------------------------------------------------------------------------------------------

------------------------------------------------------DIRECT CONDITIONAL BRANCH PREDICTION MEASUREMENTS (Last 25M instructions)-----------------------------------------------------
       Instr       Cycles      IPC      NumBr     MispBr BrPerCyc MispBrPerCyc        MR     MPKI      CycWP   CycWPAvg   CycWPPKI
    10001443     11677593   0.8565    1391369      57243   0.1191       0.0049   4.1141%   5.7235    2203741    38.4980   220.3423
-------------------------------------------------------------------------------------------------------------------------------------------------------------------------------------

---------------------------------------------------------DIRECT CONDITIONAL BRANCH PREDICTION MEASUREMENTS (50 Perc instructions)---------------------------------------------------
       Instr       Cycles      IPC      NumBr     MispBr BrPerCyc MispBrPerCyc        MR     MPKI      CycWP   CycWPAvg   CycWPPKI
     5001443      5134320   0.9741     674449      28730   0.1314       0.0056   4.2598%   5.7443    1014308    35.3048   202.8031
------------------------------------------------------------------------------------------------------------------------------------------------------------------------------------

-------------------------------------DIRECT CONDITIONAL BRANCH PREDICTION MEASUREMENTS (Full Simulation i.e. Counts Not Reset When Warmup Ends)-------------------------------------
       Instr       Cycles      IPC      NumBr     MispBr BrPerCyc MispBrPerCyc        MR     MPKI      CycWP   CycWPAvg   CycWPPKI
    10001443     11677593   0.8565    1391369      57243   0.1191       0.0049   4.1141%   5.7235    2203741    38.4980   220.3423
------------------------------------------------------------------------------------------------------------------------------------------------------------------------------------
 Read 10001443 instrs 

ExecTime = 87.91444253921509
