CMD:./cbp ../cbp2025/traces/media/media_1_trace.gz
5000000 instrs 
10000000 instrs 
15000000 instrs 
20000000 instrs 
EOF
WINDOW_SIZE = 1024
FETCH_WIDTH = 16
FETCH_NUM_BRANCH = 16
FETCH_STOP_AT_INDIRECT = 1
FETCH_STOP_AT_TAKEN = 1
FETCH_MODEL_ICACHE = 1
PERFECT_BRANCH_PRED = 0
PERFECT_INDIRECT_PRED = 1
PIPELINE_FILL_LATENCY = 10
NUM_LDST_LANES = 8
NUM_ALU_LANES = 16
MEMORY HIERARCHY CONFIGURATION---------------------
STRIDE Prefetcher = 1
PERFECT_CACHE = 0
WRITE_ALLOCATE = 1
Within-pipeline factors:
	AGEN latency = 1 cycle
	Store Queue (SQ): SQ size = window size, oracle memory disambiguation, store-load forwarding = 1 cycle after store's or load's agen.
	* Note: A store searches the L1$ at commit. The store is released
	* from the SQ and window, whether it hits or misses. Store misses
	* are buffered until the block is allocated and the store is
	* performed in the L1$. While buffered, conflicting loads get
	* the store's data as they would from the SQ.
I$: 128 KB, 8-way set-assoc., 64B block size
L1$: 128 KB, 8-way set-assoc., 64B block size, 3-cycle search latency
L2$: 4 MB, 8-way set-assoc., 64B block size, 12-cycle search latency
L3$: 32 MB, 16-way set-assoc., 128B block size, 50-cycle search latency
Main Memory: 150-cycle fixed search time
---------------------------STORE QUEUE MEASUREMENTS (Full Simulation i.e. Counts Not Reset When Warmup Ends)---------------------------
Number of loads: 5438485
Number of loads that miss in SQ: 4034517 (74.18%)
Number of PFs issued to the memory system 980641
---------------------------------------------------------------------------------------------------------------------------------------
------------------------MEMORY HIERARCHY MEASUREMENTS (Full Simulation i.e. Counts Not Reset When Warmup Ends)-------------------------
I$:
	accesses   = 25497699
	misses     = 4492
	miss ratio = 0.02%
	pf accesses   = 0
	pf misses     = 0
	pf miss ratio = -nan%
L1$:
	accesses   = 7630041
	misses     = 17597
	miss ratio = 0.23%
	pf accesses   = 980641
	pf misses     = 7889
	pf miss ratio = 0.80%
L2$:
	accesses   = 22089
	misses     = 12065
	miss ratio = 54.62%
	pf accesses   = 7889
	pf misses     = 5931
	pf miss ratio = 75.18%
L3$:
	accesses   = 12065
	misses     = 6652
	miss ratio = 55.13%
	pf accesses   = 5931
	pf misses     = 3150
	pf miss ratio = 53.11%
---------------------------------------------------------------------------------------------------------------------------------------
----------------------------------------------Prefetcher (Full Simulation i.e. No Warmup)----------------------------------------------
Num Trainings :5438485
Num Prefetches generated :1026557
Num Prefetches issued :4545203
Num Prefetches filtered by PF queue :353301
Num untimely prefetches dropped from PF queue :45916
Num prefetches not issued LDST contention :3564562
Num prefetches not issued stride 0 :1255364
---------------------------------------------------------------------------------------------------------------------------------------

-------------------------------ILP LIMIT STUDY (Full Simulation i.e. Counts Not Reset When Warmup Ends)--------------------------------
instructions = 20000048
cycles       = 3604700
CycWP        = 646985
IPC          = 5.5483

---------------------------------------------------------------------------------------------------------------------------------------

-----------------------------------------------BRANCH PREDICTION MEASUREMENTS (Full Simulation i.e. Counts Not Reset When Warmup Ends)----------------------------------------------
Type                   NumBr     MispBr        mr     mpki
CondDirect          1052168      24819   2.3588%   1.2409
JumpDirect           207022          0   0.0000%   0.0000
JumpIndirect          74067          0   0.0000%   0.0000
JumpReturn           171393          0   0.0000%   0.0000
Not control        23993049          0   0.0000%   0.0000
------------------------------------------------------------------------------------------------------------------------------------------------------------------------------------

------------------------------------------------------DIRECT CONDITIONAL BRANCH PREDICTION MEASUREMENTS (Last 10M instructions)-----------------------------------------------------
       Instr       Cycles      IPC      NumBr     MispBr BrPerCyc MispBrPerCyc        MR     MPKI      CycWP   CycWPAvg   CycWPPKI
    10000048      1557631   6.4200     496668       7329   0.3189       0.0047   1.4756%   0.7329     206805    28.2174    20.6804
------------------------------------------------------------------------------------------------------------------------------------------------------------------------------------

------------------------------------------------------DIRECT CONDITIONAL BRANCH PREDICTION MEASUREMENTS (Last 25M instructions)-----------------------------------------------------
       Instr       Cycles      IPC      NumBr     MispBr BrPerCyc MispBrPerCyc        MR     MPKI      CycWP   CycWPAvg   CycWPPKI
    20000048      3604700   5.5483    1052168      24819   0.2919       0.0069   2.3588%   1.2409     646985    26.0681    32.3492
-------------------------------------------------------------------------------------------------------------------------------------------------------------------------------------

---------------------------------------------------------DIRECT CONDITIONAL BRANCH PREDICTION MEASUREMENTS (50 Perc instructions)---------------------------------------------------
       Instr       Cycles      IPC      NumBr     MispBr BrPerCyc MispBrPerCyc        MR     MPKI      CycWP   CycWPAvg   CycWPPKI
    10000048      1557631   6.4200     496668       7329   0.3189       0.0047   1.4756%   0.7329     206805    28.2174    20.6804
------------------------------------------------------------------------------------------------------------------------------------------------------------------------------------

-------------------------------------DIRECT CONDITIONAL BRANCH PREDICTION MEASUREMENTS (Full Simulation i.e. Counts Not Reset When Warmup Ends)-------------------------------------
       Instr       Cycles      IPC      NumBr     MispBr BrPerCyc MispBrPerCyc        MR     MPKI      CycWP   CycWPAvg   CycWPPKI
    20000048      3604700   5.5483    1052168      24819   0.2919       0.0069   2.3588%   1.2409     646985    26.0681    32.3492
------------------------------------------------------------------------------------------------------------------------------------------------------------------------------------
 Read 20000048 instrs 

ExecTime = 193.15260791778564
