CMD:./cbp ../cbp2025/traces/infra/infra_13_trace.gz
5000000 instrs 
10000000 instrs 
15000000 instrs 
20000000 instrs 
25000000 instrs 
30000000 instrs 
35000000 instrs 
40000000 instrs 
45000000 instrs 
50000000 instrs 
EOF
WINDOW_SIZE = 1024
FETCH_WIDTH = 16
FETCH_NUM_BRANCH = 16
FETCH_STOP_AT_INDIRECT = 1
FETCH_STOP_AT_TAKEN = 1
FETCH_MODEL_ICACHE = 1
PERFECT_BRANCH_PRED = 0
PERFECT_INDIRECT_PRED = 1
PIPELINE_FILL_LATENCY = 10
NUM_LDST_LANES = 8
NUM_ALU_LANES = 16
MEMORY HIERARCHY CONFIGURATION---------------------
STRIDE Prefetcher = 1
PERFECT_CACHE = 0
WRITE_ALLOCATE = 1
Within-pipeline factors:
	AGEN latency = 1 cycle
	Store Queue (SQ): SQ size = window size, oracle memory disambiguation, store-load forwarding = 1 cycle after store's or load's agen.
	* Note: A store searches the L1$ at commit. The store is released
	* from the SQ and window, whether it hits or misses. Store misses
	* are buffered until the block is allocated and the store is
	* performed in the L1$. While buffered, conflicting loads get
	* the store's data as they would from the SQ.
I$: 128 KB, 8-way set-assoc., 64B block size
L1$: 128 KB, 8-way set-assoc., 64B block size, 3-cycle search latency
L2$: 4 MB, 8-way set-assoc., 64B block size, 12-cycle search latency
L3$: 32 MB, 16-way set-assoc., 128B block size, 50-cycle search latency
Main Memory: 150-cycle fixed search time
---------------------------STORE QUEUE MEASUREMENTS (Full Simulation i.e. Counts Not Reset When Warmup Ends)---------------------------
Number of loads: 14122747
Number of loads that miss in SQ: 9487179 (67.18%)
Number of PFs issued to the memory system 554130
---------------------------------------------------------------------------------------------------------------------------------------
------------------------MEMORY HIERARCHY MEASUREMENTS (Full Simulation i.e. Counts Not Reset When Warmup Ends)-------------------------
I$:
	accesses   = 53652364
	misses     = 47929
	miss ratio = 0.09%
	pf accesses   = 0
	pf misses     = 0
	pf miss ratio = -nan%
L1$:
	accesses   = 22208979
	misses     = 228582
	miss ratio = 1.03%
	pf accesses   = 554130
	pf misses     = 11408
	pf miss ratio = 2.06%
L2$:
	accesses   = 276511
	misses     = 148809
	miss ratio = 53.82%
	pf accesses   = 11408
	pf misses     = 8049
	pf miss ratio = 70.56%
L3$:
	accesses   = 148809
	misses     = 74369
	miss ratio = 49.98%
	pf accesses   = 8049
	pf misses     = 3470
	pf miss ratio = 43.11%
---------------------------------------------------------------------------------------------------------------------------------------
----------------------------------------------Prefetcher (Full Simulation i.e. No Warmup)----------------------------------------------
Num Trainings :14122747
Num Prefetches generated :555877
Num Prefetches issued :2108454
Num Prefetches filtered by PF queue :14985
Num untimely prefetches dropped from PF queue :1747
Num prefetches not issued LDST contention :1554324
Num prefetches not issued stride 0 :7276058
---------------------------------------------------------------------------------------------------------------------------------------

-------------------------------ILP LIMIT STUDY (Full Simulation i.e. Counts Not Reset When Warmup Ends)--------------------------------
instructions = 50000052
cycles       = 20550069
CycWP        = 13758104
IPC          = 2.4331

---------------------------------------------------------------------------------------------------------------------------------------

-----------------------------------------------BRANCH PREDICTION MEASUREMENTS (Full Simulation i.e. Counts Not Reset When Warmup Ends)----------------------------------------------
Type                   NumBr     MispBr        mr     mpki
CondDirect          6532412     212475   3.2526%   4.2495
JumpDirect          1036864          0   0.0000%   0.0000
JumpIndirect          27919          0   0.0000%   0.0000
JumpReturn           530627          0   0.0000%   0.0000
Not control        45524542          0   0.0000%   0.0000
------------------------------------------------------------------------------------------------------------------------------------------------------------------------------------

------------------------------------------------------DIRECT CONDITIONAL BRANCH PREDICTION MEASUREMENTS (Last 10M instructions)-----------------------------------------------------
       Instr       Cycles      IPC      NumBr     MispBr BrPerCyc MispBrPerCyc        MR     MPKI      CycWP   CycWPAvg   CycWPPKI
    10000052      4069910   2.4571    1490854      18182   0.3663       0.0045   1.2196%   1.8182     946015    52.0303    94.6010
------------------------------------------------------------------------------------------------------------------------------------------------------------------------------------

------------------------------------------------------DIRECT CONDITIONAL BRANCH PREDICTION MEASUREMENTS (Last 25M instructions)-----------------------------------------------------
       Instr       Cycles      IPC      NumBr     MispBr BrPerCyc MispBrPerCyc        MR     MPKI      CycWP   CycWPAvg   CycWPPKI
    25000052      9731435   2.5690    3378036      88152   0.3471       0.0091   2.6096%   3.5261    5229704    59.3260   209.1877
-------------------------------------------------------------------------------------------------------------------------------------------------------------------------------------

---------------------------------------------------------DIRECT CONDITIONAL BRANCH PREDICTION MEASUREMENTS (50 Perc instructions)---------------------------------------------------
       Instr       Cycles      IPC      NumBr     MispBr BrPerCyc MispBrPerCyc        MR     MPKI      CycWP   CycWPAvg   CycWPPKI
    25000052      9731435   2.5690    3378036      88152   0.3471       0.0091   2.6096%   3.5261    5229704    59.3260   209.1877
------------------------------------------------------------------------------------------------------------------------------------------------------------------------------------

-------------------------------------DIRECT CONDITIONAL BRANCH PREDICTION MEASUREMENTS (Full Simulation i.e. Counts Not Reset When Warmup Ends)-------------------------------------
       Instr       Cycles      IPC      NumBr     MispBr BrPerCyc MispBrPerCyc        MR     MPKI      CycWP   CycWPAvg   CycWPPKI
    50000052     20550069   2.4331    6532412     212475   0.3179       0.0103   3.2526%   4.2495   13758104    64.7516   275.1618
------------------------------------------------------------------------------------------------------------------------------------------------------------------------------------
 Read 50000052 instrs 

ExecTime = 541.4030282497406
