CMD:./cbp ../cbp2025/traces/compress/compress_2_trace.gz
5000000 instrs 
10000000 instrs 
15000000 instrs 
20000000 instrs 
25000000 instrs 
30000000 instrs 
EOF
WINDOW_SIZE = 1024
FETCH_WIDTH = 16
FETCH_NUM_BRANCH = 16
FETCH_STOP_AT_INDIRECT = 1
FETCH_STOP_AT_TAKEN = 1
FETCH_MODEL_ICACHE = 1
PERFECT_BRANCH_PRED = 0
PERFECT_INDIRECT_PRED = 1
PIPELINE_FILL_LATENCY = 10
NUM_LDST_LANES = 8
NUM_ALU_LANES = 16
MEMORY HIERARCHY CONFIGURATION---------------------
STRIDE Prefetcher = 1
PERFECT_CACHE = 0
WRITE_ALLOCATE = 1
Within-pipeline factors:
	AGEN latency = 1 cycle
	Store Queue (SQ): SQ size = window size, oracle memory disambiguation, store-load forwarding = 1 cycle after store's or load's agen.
	* Note: A store searches the L1$ at commit. The store is released
	* from the SQ and window, whether it hits or misses. Store misses
	* are buffered until the block is allocated and the store is
	* performed in the L1$. While buffered, conflicting loads get
	* the store's data as they would from the SQ.
I$: 128 KB, 8-way set-assoc., 64B block size
L1$: 128 KB, 8-way set-assoc., 64B block size, 3-cycle search latency
L2$: 4 MB, 8-way set-assoc., 64B block size, 12-cycle search latency
L3$: 32 MB, 16-way set-assoc., 128B block size, 50-cycle search latency
Main Memory: 150-cycle fixed search time
---------------------------STORE QUEUE MEASUREMENTS (Full Simulation i.e. Counts Not Reset When Warmup Ends)---------------------------
Number of loads: 6936016
Number of loads that miss in SQ: 5533218 (79.78%)
Number of PFs issued to the memory system 831933
---------------------------------------------------------------------------------------------------------------------------------------
------------------------MEMORY HIERARCHY MEASUREMENTS (Full Simulation i.e. Counts Not Reset When Warmup Ends)-------------------------
I$:
	accesses   = 35639798
	misses     = 5516
	miss ratio = 0.02%
	pf accesses   = 0
	pf misses     = 0
	pf miss ratio = -nan%
L1$:
	accesses   = 11711978
	misses     = 368746
	miss ratio = 3.15%
	pf accesses   = 831933
	pf misses     = 59924
	pf miss ratio = 7.20%
L2$:
	accesses   = 374262
	misses     = 121771
	miss ratio = 32.54%
	pf accesses   = 59924
	pf misses     = 1815
	pf miss ratio = 3.03%
L3$:
	accesses   = 121771
	misses     = 57400
	miss ratio = 47.14%
	pf accesses   = 1815
	pf misses     = 487
	pf miss ratio = 26.83%
---------------------------------------------------------------------------------------------------------------------------------------
----------------------------------------------Prefetcher (Full Simulation i.e. No Warmup)----------------------------------------------
Num Trainings :6936016
Num Prefetches generated :885712
Num Prefetches issued :2311308
Num Prefetches filtered by PF queue :373785
Num untimely prefetches dropped from PF queue :53779
Num prefetches not issued LDST contention :1479375
Num prefetches not issued stride 0 :1866605
---------------------------------------------------------------------------------------------------------------------------------------

-------------------------------ILP LIMIT STUDY (Full Simulation i.e. Counts Not Reset When Warmup Ends)--------------------------------
instructions = 32339109
cycles       = 6640048
CycWP        = 1249070
IPC          = 4.8703

---------------------------------------------------------------------------------------------------------------------------------------

-----------------------------------------------BRANCH PREDICTION MEASUREMENTS (Full Simulation i.e. Counts Not Reset When Warmup Ends)----------------------------------------------
Type                   NumBr     MispBr        mr     mpki
CondDirect          3601347      47947   1.3314%   1.4826
JumpDirect           483487          0   0.0000%   0.0000
JumpIndirect          10657          0   0.0000%   0.0000
JumpReturn           145428          0   0.0000%   0.0000
Not control        31398879          0   0.0000%   0.0000
------------------------------------------------------------------------------------------------------------------------------------------------------------------------------------

------------------------------------------------------DIRECT CONDITIONAL BRANCH PREDICTION MEASUREMENTS (Last 10M instructions)-----------------------------------------------------
       Instr       Cycles      IPC      NumBr     MispBr BrPerCyc MispBrPerCyc        MR     MPKI      CycWP   CycWPAvg   CycWPPKI
    10339109      2014537   5.1323    1137922      24073   0.5649       0.0119   2.1155%   2.3283     512108    21.2731    49.5312
------------------------------------------------------------------------------------------------------------------------------------------------------------------------------------

------------------------------------------------------DIRECT CONDITIONAL BRANCH PREDICTION MEASUREMENTS (Last 25M instructions)-----------------------------------------------------
       Instr       Cycles      IPC      NumBr     MispBr BrPerCyc MispBrPerCyc        MR     MPKI      CycWP   CycWPAvg   CycWPPKI
    25339109      4718223   5.3705    2856494      37733   0.6054       0.0080   1.3210%   1.4891     956897    25.3597    37.7636
-------------------------------------------------------------------------------------------------------------------------------------------------------------------------------------

---------------------------------------------------------DIRECT CONDITIONAL BRANCH PREDICTION MEASUREMENTS (50 Perc instructions)---------------------------------------------------
       Instr       Cycles      IPC      NumBr     MispBr BrPerCyc MispBrPerCyc        MR     MPKI      CycWP   CycWPAvg   CycWPPKI
    16339109      3022431   5.4059    1821008      26750   0.6025       0.0089   1.4690%   1.6372     607898    22.7252    37.2051
------------------------------------------------------------------------------------------------------------------------------------------------------------------------------------

-------------------------------------DIRECT CONDITIONAL BRANCH PREDICTION MEASUREMENTS (Full Simulation i.e. Counts Not Reset When Warmup Ends)-------------------------------------
       Instr       Cycles      IPC      NumBr     MispBr BrPerCyc MispBrPerCyc        MR     MPKI      CycWP   CycWPAvg   CycWPPKI
    32339109      6640048   4.8703    3601347      47947   0.5424       0.0072   1.3314%   1.4826    1249070    26.0511    38.6241
------------------------------------------------------------------------------------------------------------------------------------------------------------------------------------
 Read 32339109 instrs 

ExecTime = 281.9477438926697
