CMD:./cbp ../cbp2025/traces/compress/compress_5_trace.gz
5000000 instrs 
10000000 instrs 
15000000 instrs 
20000000 instrs 
25000000 instrs 
30000000 instrs 
EOF
WINDOW_SIZE = 1024
FETCH_WIDTH = 16
FETCH_NUM_BRANCH = 16
FETCH_STOP_AT_INDIRECT = 1
FETCH_STOP_AT_TAKEN = 1
FETCH_MODEL_ICACHE = 1
PERFECT_BRANCH_PRED = 0
PERFECT_INDIRECT_PRED = 1
PIPELINE_FILL_LATENCY = 10
NUM_LDST_LANES = 8
NUM_ALU_LANES = 16
MEMORY HIERARCHY CONFIGURATION---------------------
STRIDE Prefetcher = 1
PERFECT_CACHE = 0
WRITE_ALLOCATE = 1
Within-pipeline factors:
	AGEN latency = 1 cycle
	Store Queue (SQ): SQ size = window size, oracle memory disambiguation, store-load forwarding = 1 cycle after store's or load's agen.
	* Note: A store searches the L1$ at commit. The store is released
	* from the SQ and window, whether it hits or misses. Store misses
	* are buffered until the block is allocated and the store is
	* performed in the L1$. While buffered, conflicting loads get
	* the store's data as they would from the SQ.
I$: 128 KB, 8-way set-assoc., 64B block size
L1$: 128 KB, 8-way set-assoc., 64B block size, 3-cycle search latency
L2$: 4 MB, 8-way set-assoc., 64B block size, 12-cycle search latency
L3$: 32 MB, 16-way set-assoc., 128B block size, 50-cycle search latency
Main Memory: 150-cycle fixed search time
---------------------------STORE QUEUE MEASUREMENTS (Full Simulation i.e. Counts Not Reset When Warmup Ends)---------------------------
Number of loads: 7022090
Number of loads that miss in SQ: 5518116 (78.58%)
Number of PFs issued to the memory system 803200
---------------------------------------------------------------------------------------------------------------------------------------
------------------------MEMORY HIERARCHY MEASUREMENTS (Full Simulation i.e. Counts Not Reset When Warmup Ends)-------------------------
I$:
	accesses   = 37192707
	misses     = 5880
	miss ratio = 0.02%
	pf accesses   = 0
	pf misses     = 0
	pf miss ratio = -nan%
L1$:
	accesses   = 12035905
	misses     = 324489
	miss ratio = 2.70%
	pf accesses   = 803200
	pf misses     = 57314
	pf miss ratio = 7.14%
L2$:
	accesses   = 330369
	misses     = 122014
	miss ratio = 36.93%
	pf accesses   = 57314
	pf misses     = 1859
	pf miss ratio = 3.24%
L3$:
	accesses   = 122014
	misses     = 61230
	miss ratio = 50.18%
	pf accesses   = 1859
	pf misses     = 508
	pf miss ratio = 27.33%
---------------------------------------------------------------------------------------------------------------------------------------
----------------------------------------------Prefetcher (Full Simulation i.e. No Warmup)----------------------------------------------
Num Trainings :7022090
Num Prefetches generated :851401
Num Prefetches issued :2185864
Num Prefetches filtered by PF queue :358474
Num untimely prefetches dropped from PF queue :48201
Num prefetches not issued LDST contention :1382664
Num prefetches not issued stride 0 :2050539
---------------------------------------------------------------------------------------------------------------------------------------

-------------------------------ILP LIMIT STUDY (Full Simulation i.e. Counts Not Reset When Warmup Ends)--------------------------------
instructions = 33811883
cycles       = 6992420
CycWP        = 1686291
IPC          = 4.8355

---------------------------------------------------------------------------------------------------------------------------------------

-----------------------------------------------BRANCH PREDICTION MEASUREMENTS (Full Simulation i.e. Counts Not Reset When Warmup Ends)----------------------------------------------
Type                   NumBr     MispBr        mr     mpki
CondDirect          3890650      65333   1.6792%   1.9322
JumpDirect           521311          0   0.0000%   0.0000
JumpIndirect           8465          0   0.0000%   0.0000
JumpReturn           153427          0   0.0000%   0.0000
Not control        32618854          0   0.0000%   0.0000
------------------------------------------------------------------------------------------------------------------------------------------------------------------------------------

------------------------------------------------------DIRECT CONDITIONAL BRANCH PREDICTION MEASUREMENTS (Last 10M instructions)-----------------------------------------------------
       Instr       Cycles      IPC      NumBr     MispBr BrPerCyc MispBrPerCyc        MR     MPKI      CycWP   CycWPAvg   CycWPPKI
    10811883      2106457   5.1327    1225344      24241   0.5817       0.0115   1.9783%   2.2421     564294    23.2785    52.1920
------------------------------------------------------------------------------------------------------------------------------------------------------------------------------------

------------------------------------------------------DIRECT CONDITIONAL BRANCH PREDICTION MEASUREMENTS (Last 25M instructions)-----------------------------------------------------
       Instr       Cycles      IPC      NumBr     MispBr BrPerCyc MispBrPerCyc        MR     MPKI      CycWP   CycWPAvg   CycWPPKI
    25811883      4875733   5.2939    2994043      50356   0.6141       0.0103   1.6819%   1.9509    1240119    24.6270    48.0445
-------------------------------------------------------------------------------------------------------------------------------------------------------------------------------------

---------------------------------------------------------DIRECT CONDITIONAL BRANCH PREDICTION MEASUREMENTS (50 Perc instructions)---------------------------------------------------
       Instr       Cycles      IPC      NumBr     MispBr BrPerCyc MispBrPerCyc        MR     MPKI      CycWP   CycWPAvg   CycWPPKI
    17811883      3235970   5.5043    2056891      30563   0.6356       0.0094   1.4859%   1.7159     762986    24.9644    42.8358
------------------------------------------------------------------------------------------------------------------------------------------------------------------------------------

-------------------------------------DIRECT CONDITIONAL BRANCH PREDICTION MEASUREMENTS (Full Simulation i.e. Counts Not Reset When Warmup Ends)-------------------------------------
       Instr       Cycles      IPC      NumBr     MispBr BrPerCyc MispBrPerCyc        MR     MPKI      CycWP   CycWPAvg   CycWPPKI
    33811883      6992420   4.8355    3890650      65333   0.5564       0.0093   1.6792%   1.9322    1686291    25.8107    49.8727
------------------------------------------------------------------------------------------------------------------------------------------------------------------------------------
 Read 33811883 instrs 

ExecTime = 288.3236753940582
