CMD:./cbp ../cbp2025/traces/int/int_4_trace.gz
5000000 instrs 
10000000 instrs 
15000000 instrs 
20000000 instrs 
25000000 instrs 
30000000 instrs 
35000000 instrs 
40000000 instrs 
45000000 instrs 
50000000 instrs 
55000000 instrs 
EOF
WINDOW_SIZE = 1024
FETCH_WIDTH = 16
FETCH_NUM_BRANCH = 16
FETCH_STOP_AT_INDIRECT = 1
FETCH_STOP_AT_TAKEN = 1
FETCH_MODEL_ICACHE = 1
PERFECT_BRANCH_PRED = 0
PERFECT_INDIRECT_PRED = 1
PIPELINE_FILL_LATENCY = 10
NUM_LDST_LANES = 8
NUM_ALU_LANES = 16
MEMORY HIERARCHY CONFIGURATION---------------------
STRIDE Prefetcher = 1
PERFECT_CACHE = 0
WRITE_ALLOCATE = 1
Within-pipeline factors:
	AGEN latency = 1 cycle
	Store Queue (SQ): SQ size = window size, oracle memory disambiguation, store-load forwarding = 1 cycle after store's or load's agen.
	* Note: A store searches the L1$ at commit. The store is released
	* from the SQ and window, whether it hits or misses. Store misses
	* are buffered until the block is allocated and the store is
	* performed in the L1$. While buffered, conflicting loads get
	* the store's data as they would from the SQ.
I$: 128 KB, 8-way set-assoc., 64B block size
L1$: 128 KB, 8-way set-assoc., 64B block size, 3-cycle search latency
L2$: 4 MB, 8-way set-assoc., 64B block size, 12-cycle search latency
L3$: 32 MB, 16-way set-assoc., 128B block size, 50-cycle search latency
Main Memory: 150-cycle fixed search time
---------------------------STORE QUEUE MEASUREMENTS (Full Simulation i.e. Counts Not Reset When Warmup Ends)---------------------------
Number of loads: 15430338
Number of loads that miss in SQ: 13036144 (84.48%)
Number of PFs issued to the memory system 2052241
---------------------------------------------------------------------------------------------------------------------------------------
------------------------MEMORY HIERARCHY MEASUREMENTS (Full Simulation i.e. Counts Not Reset When Warmup Ends)-------------------------
I$:
	accesses   = 68723301
	misses     = 38138
	miss ratio = 0.06%
	pf accesses   = 0
	pf misses     = 0
	pf miss ratio = -nan%
L1$:
	accesses   = 24046369
	misses     = 48104
	miss ratio = 0.20%
	pf accesses   = 2052241
	pf misses     = 12655
	pf miss ratio = 0.62%
L2$:
	accesses   = 86242
	misses     = 27494
	miss ratio = 31.88%
	pf accesses   = 12655
	pf misses     = 11088
	pf miss ratio = 87.62%
L3$:
	accesses   = 27494
	misses     = 16823
	miss ratio = 61.19%
	pf accesses   = 11088
	pf misses     = 5560
	pf miss ratio = 50.14%
---------------------------------------------------------------------------------------------------------------------------------------
----------------------------------------------Prefetcher (Full Simulation i.e. No Warmup)----------------------------------------------
Num Trainings :15430338
Num Prefetches generated :2059631
Num Prefetches issued :3956326
Num Prefetches filtered by PF queue :163604
Num untimely prefetches dropped from PF queue :7390
Num prefetches not issued LDST contention :1904085
Num prefetches not issued stride 0 :4995635
---------------------------------------------------------------------------------------------------------------------------------------

-------------------------------ILP LIMIT STUDY (Full Simulation i.e. Counts Not Reset When Warmup Ends)--------------------------------
instructions = 59999657
cycles       = 13882504
CycWP        = 5391719
IPC          = 4.3220

---------------------------------------------------------------------------------------------------------------------------------------

-----------------------------------------------BRANCH PREDICTION MEASUREMENTS (Full Simulation i.e. Counts Not Reset When Warmup Ends)----------------------------------------------
Type                   NumBr     MispBr        mr     mpki
CondDirect          7683892     251124   3.2682%   4.1854
JumpDirect          1614191          0   0.0000%   0.0000
JumpIndirect         199504          0   0.0000%   0.0000
JumpReturn           784179          0   0.0000%   0.0000
Not control        58441535          0   0.0000%   0.0000
------------------------------------------------------------------------------------------------------------------------------------------------------------------------------------

------------------------------------------------------DIRECT CONDITIONAL BRANCH PREDICTION MEASUREMENTS (Last 10M instructions)-----------------------------------------------------
       Instr       Cycles      IPC      NumBr     MispBr BrPerCyc MispBrPerCyc        MR     MPKI      CycWP   CycWPAvg   CycWPPKI
    10999657      2404149   4.5753    1446743      41915   0.6018       0.0174   2.8972%   3.8106     886153    21.1417    80.5619
------------------------------------------------------------------------------------------------------------------------------------------------------------------------------------

------------------------------------------------------DIRECT CONDITIONAL BRANCH PREDICTION MEASUREMENTS (Last 25M instructions)-----------------------------------------------------
       Instr       Cycles      IPC      NumBr     MispBr BrPerCyc MispBrPerCyc        MR     MPKI      CycWP   CycWPAvg   CycWPPKI
    25999657      5745230   4.5254    3403917     102091   0.5925       0.0178   2.9992%   3.9266    2164149    21.1982    83.2376
-------------------------------------------------------------------------------------------------------------------------------------------------------------------------------------

---------------------------------------------------------DIRECT CONDITIONAL BRANCH PREDICTION MEASUREMENTS (50 Perc instructions)---------------------------------------------------
       Instr       Cycles      IPC      NumBr     MispBr BrPerCyc MispBrPerCyc        MR     MPKI      CycWP   CycWPAvg   CycWPPKI
    30999657      6925580   4.4761    4061423     125418   0.5864       0.0181   3.0880%   4.0458    2655297    21.1716    85.6557
------------------------------------------------------------------------------------------------------------------------------------------------------------------------------------

-------------------------------------DIRECT CONDITIONAL BRANCH PREDICTION MEASUREMENTS (Full Simulation i.e. Counts Not Reset When Warmup Ends)-------------------------------------
       Instr       Cycles      IPC      NumBr     MispBr BrPerCyc MispBrPerCyc        MR     MPKI      CycWP   CycWPAvg   CycWPPKI
    59999657     13882504   4.3220    7683892     251124   0.5535       0.0181   3.2682%   4.1854    5391719    21.4703    89.8625
------------------------------------------------------------------------------------------------------------------------------------------------------------------------------------
 Read 59999657 instrs 

ExecTime = 287.3413896560669
